<?xml version="1.0" encoding="UTF-8"?>
<testsuite xmlns:xsi="http://www.w3.org/2001/XMLSchema-instance" xsi:noNamespaceSchemaLocation="https://maven.apache.org/surefire/maven-surefire-plugin/xsd/surefire-test-report-3.0.xsd" version="3.0" name="TestSuite" time="100.1" tests="1" errors="0" skipped="0" failures="0">
  <properties>
    <property name="java.specification.version" value="17"/>
    <property name="sun.jnu.encoding" value="UTF-8"/>
    <property name="java.class.path" value="/Users/bharathshenoy/HrOne Cucumber/target/test-classes:/Users/bharathshenoy/HrOne Cucumber/target/classes:/Users/bharathshenoy/.m2/repository/org/seleniumhq/selenium/selenium-chrome-driver/4.8.0/selenium-chrome-driver-4.8.0.jar:/Users/bharathshenoy/.m2/repository/com/google/auto/service/auto-service-annotations/1.0.1/auto-service-annotations-1.0.1.jar:/Users/bharathshenoy/.m2/repository/com/google/auto/service/auto-service/1.0.1/auto-service-1.0.1.jar:/Users/bharathshenoy/.m2/repository/com/google/auto/auto-common/1.2/auto-common-1.2.jar:/Users/bharathshenoy/.m2/repository/com/google/guava/guava/31.1-jre/guava-31.1-jre.jar:/Users/bharathshenoy/.m2/repository/com/google/guava/failureaccess/1.0.1/failureaccess-1.0.1.jar:/Users/bharathshenoy/.m2/repository/com/google/guava/listenablefuture/9999.0-empty-to-avoid-conflict-with-guava/listenablefuture-9999.0-empty-to-avoid-conflict-with-guava.jar:/Users/bharathshenoy/.m2/repository/com/google/code/findbugs/jsr305/3.0.2/jsr305-3.0.2.jar:/Users/bharathshenoy/.m2/repository/org/checkerframework/checker-qual/3.12.0/checker-qual-3.12.0.jar:/Users/bharathshenoy/.m2/repository/com/google/errorprone/error_prone_annotations/2.11.0/error_prone_annotations-2.11.0.jar:/Users/bharathshenoy/.m2/repository/com/google/j2objc/j2objc-annotations/1.3/j2objc-annotations-1.3.jar:/Users/bharathshenoy/.m2/repository/org/seleniumhq/selenium/selenium-api/4.8.0/selenium-api-4.8.0.jar:/Users/bharathshenoy/.m2/repository/org/seleniumhq/selenium/selenium-chromium-driver/4.8.0/selenium-chromium-driver-4.8.0.jar:/Users/bharathshenoy/.m2/repository/org/seleniumhq/selenium/selenium-json/4.8.0/selenium-json-4.8.0.jar:/Users/bharathshenoy/.m2/repository/org/seleniumhq/selenium/selenium-remote-driver/4.8.0/selenium-remote-driver-4.8.0.jar:/Users/bharathshenoy/.m2/repository/io/netty/netty-buffer/4.1.87.Final/netty-buffer-4.1.87.Final.jar:/Users/bharathshenoy/.m2/repository/io/netty/netty-codec-http/4.1.87.Final/netty-codec-http-4.1.87.Final.jar:/Users/bharathshenoy/.m2/repository/io/netty/netty-codec/4.1.87.Final/netty-codec-4.1.87.Final.jar:/Users/bharathshenoy/.m2/repository/io/netty/netty-handler/4.1.87.Final/netty-handler-4.1.87.Final.jar:/Users/bharathshenoy/.m2/repository/io/netty/netty-common/4.1.87.Final/netty-common-4.1.87.Final.jar:/Users/bharathshenoy/.m2/repository/io/netty/netty-transport-classes-epoll/4.1.87.Final/netty-transport-classes-epoll-4.1.87.Final.jar:/Users/bharathshenoy/.m2/repository/io/netty/netty-transport-classes-kqueue/4.1.87.Final/netty-transport-classes-kqueue-4.1.87.Final.jar:/Users/bharathshenoy/.m2/repository/io/netty/netty-transport-native-epoll/4.1.87.Final/netty-transport-native-epoll-4.1.87.Final.jar:/Users/bharathshenoy/.m2/repository/io/netty/netty-transport-native-kqueue/4.1.87.Final/netty-transport-native-kqueue-4.1.87.Final.jar:/Users/bharathshenoy/.m2/repository/io/netty/netty-transport-native-unix-common/4.1.87.Final/netty-transport-native-unix-common-4.1.87.Final.jar:/Users/bharathshenoy/.m2/repository/io/netty/netty-transport/4.1.87.Final/netty-transport-4.1.87.Final.jar:/Users/bharathshenoy/.m2/repository/io/netty/netty-resolver/4.1.87.Final/netty-resolver-4.1.87.Final.jar:/Users/bharathshenoy/.m2/repository/io/opentelemetry/opentelemetry-api/1.22.0/opentelemetry-api-1.22.0.jar:/Users/bharathshenoy/.m2/repository/io/opentelemetry/opentelemetry-context/1.22.0/opentelemetry-context-1.22.0.jar:/Users/bharathshenoy/.m2/repository/io/opentelemetry/opentelemetry-exporter-logging/1.22.0/opentelemetry-exporter-logging-1.22.0.jar:/Users/bharathshenoy/.m2/repository/io/opentelemetry/opentelemetry-sdk-metrics/1.22.0/opentelemetry-sdk-metrics-1.22.0.jar:/Users/bharathshenoy/.m2/repository/io/opentelemetry/opentelemetry-sdk-logs/1.22.0-alpha/opentelemetry-sdk-logs-1.22.0-alpha.jar:/Users/bharathshenoy/.m2/repository/io/opentelemetry/opentelemetry-api-logs/1.22.0-alpha/opentelemetry-api-logs-1.22.0-alpha.jar:/Users/bharathshenoy/.m2/repository/io/opentelemetry/opentelemetry-sdk-common/1.22.0/opentelemetry-sdk-common-1.22.0.jar:/Users/bharathshenoy/.m2/repository/io/opentelemetry/opentelemetry-sdk-extension-autoconfigure-spi/1.22.0/opentelemetry-sdk-extension-autoconfigure-spi-1.22.0.jar:/Users/bharathshenoy/.m2/repository/io/opentelemetry/opentelemetry-sdk-extension-autoconfigure/1.22.0-alpha/opentelemetry-sdk-extension-autoconfigure-1.22.0-alpha.jar:/Users/bharathshenoy/.m2/repository/io/opentelemetry/opentelemetry-sdk-trace/1.22.0/opentelemetry-sdk-trace-1.22.0.jar:/Users/bharathshenoy/.m2/repository/io/opentelemetry/opentelemetry-sdk/1.22.0/opentelemetry-sdk-1.22.0.jar:/Users/bharathshenoy/.m2/repository/io/opentelemetry/opentelemetry-semconv/1.22.0-alpha/opentelemetry-semconv-1.22.0-alpha.jar:/Users/bharathshenoy/.m2/repository/io/ous/jtoml/2.0.0/jtoml-2.0.0.jar:/Users/bharathshenoy/.m2/repository/net/bytebuddy/byte-buddy/1.12.22/byte-buddy-1.12.22.jar:/Users/bharathshenoy/.m2/repository/org/apache/commons/commons-exec/1.3/commons-exec-1.3.jar:/Users/bharathshenoy/.m2/repository/org/asynchttpclient/async-http-client/2.12.3/async-http-client-2.12.3.jar:/Users/bharathshenoy/.m2/repository/org/asynchttpclient/async-http-client-netty-utils/2.12.3/async-http-client-netty-utils-2.12.3.jar:/Users/bharathshenoy/.m2/repository/io/netty/netty-codec-socks/4.1.60.Final/netty-codec-socks-4.1.60.Final.jar:/Users/bharathshenoy/.m2/repository/io/netty/netty-handler-proxy/4.1.60.Final/netty-handler-proxy-4.1.60.Final.jar:/Users/bharathshenoy/.m2/repository/io/netty/netty-transport-native-epoll/4.1.60.Final/netty-transport-native-epoll-4.1.60.Final-linux-x86_64.jar:/Users/bharathshenoy/.m2/repository/io/netty/netty-transport-native-kqueue/4.1.60.Final/netty-transport-native-kqueue-4.1.60.Final-osx-x86_64.jar:/Users/bharathshenoy/.m2/repository/org/reactivestreams/reactive-streams/1.0.3/reactive-streams-1.0.3.jar:/Users/bharathshenoy/.m2/repository/com/typesafe/netty/netty-reactive-streams/2.0.4/netty-reactive-streams-2.0.4.jar:/Users/bharathshenoy/.m2/repository/com/sun/activation/jakarta.activation/1.2.2/jakarta.activation-1.2.2.jar:/Users/bharathshenoy/.m2/repository/org/seleniumhq/selenium/selenium-http/4.8.0/selenium-http-4.8.0.jar:/Users/bharathshenoy/.m2/repository/dev/failsafe/failsafe/3.3.0/failsafe-3.3.0.jar:/Users/bharathshenoy/.m2/repository/org/seleniumhq/selenium/selenium-manager/4.8.0/selenium-manager-4.8.0.jar:/Users/bharathshenoy/.m2/repository/org/testng/testng/7.7.1/testng-7.7.1.jar:/Users/bharathshenoy/.m2/repository/org/slf4j/slf4j-api/1.7.36/slf4j-api-1.7.36.jar:/Users/bharathshenoy/.m2/repository/com/beust/jcommander/1.82/jcommander-1.82.jar:/Users/bharathshenoy/.m2/repository/org/webjars/jquery/3.6.1/jquery-3.6.1.jar:/Users/bharathshenoy/.m2/repository/org/seleniumhq/selenium/selenium-java/4.8.1/selenium-java-4.8.1.jar:/Users/bharathshenoy/.m2/repository/org/seleniumhq/selenium/selenium-devtools-v108/4.8.1/selenium-devtools-v108-4.8.1.jar:/Users/bharathshenoy/.m2/repository/org/seleniumhq/selenium/selenium-devtools-v109/4.8.1/selenium-devtools-v109-4.8.1.jar:/Users/bharathshenoy/.m2/repository/org/seleniumhq/selenium/selenium-devtools-v110/4.8.1/selenium-devtools-v110-4.8.1.jar:/Users/bharathshenoy/.m2/repository/org/seleniumhq/selenium/selenium-devtools-v85/4.8.1/selenium-devtools-v85-4.8.1.jar:/Users/bharathshenoy/.m2/repository/org/seleniumhq/selenium/selenium-edge-driver/4.8.1/selenium-edge-driver-4.8.1.jar:/Users/bharathshenoy/.m2/repository/org/seleniumhq/selenium/selenium-firefox-driver/4.8.1/selenium-firefox-driver-4.8.1.jar:/Users/bharathshenoy/.m2/repository/org/seleniumhq/selenium/selenium-ie-driver/4.8.1/selenium-ie-driver-4.8.1.jar:/Users/bharathshenoy/.m2/repository/org/seleniumhq/selenium/selenium-safari-driver/4.8.1/selenium-safari-driver-4.8.1.jar:/Users/bharathshenoy/.m2/repository/org/seleniumhq/selenium/selenium-support/4.8.1/selenium-support-4.8.1.jar:/Users/bharathshenoy/.m2/repository/log4j/log4j/1.2.17/log4j-1.2.17.jar:/Users/bharathshenoy/.m2/repository/io/github/bonigarcia/webdrivermanager/4.4.3/webdrivermanager-4.4.3.jar:/Users/bharathshenoy/.m2/repository/commons-io/commons-io/2.8.0/commons-io-2.8.0.jar:/Users/bharathshenoy/.m2/repository/com/google/code/gson/gson/2.8.6/gson-2.8.6.jar:/Users/bharathshenoy/.m2/repository/org/apache/commons/commons-lang3/3.12.0/commons-lang3-3.12.0.jar:/Users/bharathshenoy/.m2/repository/org/apache/httpcomponents/client5/httpclient5/5.0.3/httpclient5-5.0.3.jar:/Users/bharathshenoy/.m2/repository/org/apache/httpcomponents/core5/httpcore5/5.0.2/httpcore5-5.0.2.jar:/Users/bharathshenoy/.m2/repository/org/apache/httpcomponents/core5/httpcore5-h2/5.0.2/httpcore5-h2-5.0.2.jar:/Users/bharathshenoy/.m2/repository/commons-codec/commons-codec/1.13/commons-codec-1.13.jar:/Users/bharathshenoy/.m2/repository/org/rauschig/jarchivelib/1.1.0/jarchivelib-1.1.0.jar:/Users/bharathshenoy/.m2/repository/org/apache/commons/commons-compress/1.20/commons-compress-1.20.jar:/Users/bharathshenoy/.m2/repository/org/jsoup/jsoup/1.13.1/jsoup-1.13.1.jar:/Users/bharathshenoy/.m2/repository/io/cucumber/cucumber-java/7.11.1/cucumber-java-7.11.1.jar:/Users/bharathshenoy/.m2/repository/io/cucumber/cucumber-core/7.11.1/cucumber-core-7.11.1.jar:/Users/bharathshenoy/.m2/repository/io/cucumber/cucumber-gherkin/7.11.1/cucumber-gherkin-7.11.1.jar:/Users/bharathshenoy/.m2/repository/io/cucumber/cucumber-gherkin-messages/7.11.1/cucumber-gherkin-messages-7.11.1.jar:/Users/bharathshenoy/.m2/repository/io/cucumber/gherkin/26.0.3/gherkin-26.0.3.jar:/Users/bharathshenoy/.m2/repository/io/cucumber/messages/21.0.1/messages-21.0.1.jar:/Users/bharathshenoy/.m2/repository/io/cucumber/tag-expressions/5.0.1/tag-expressions-5.0.1.jar:/Users/bharathshenoy/.m2/repository/io/cucumber/cucumber-expressions/16.1.2/cucumber-expressions-16.1.2.jar:/Users/bharathshenoy/.m2/repository/io/cucumber/datatable/7.11.1/datatable-7.11.1.jar:/Users/bharathshenoy/.m2/repository/io/cucumber/cucumber-plugin/7.11.1/cucumber-plugin-7.11.1.jar:/Users/bharathshenoy/.m2/repository/io/cucumber/docstring/7.11.1/docstring-7.11.1.jar:/Users/bharathshenoy/.m2/repository/io/cucumber/html-formatter/20.2.1/html-formatter-20.2.1.jar:/Users/bharathshenoy/.m2/repository/io/cucumber/junit-xml-formatter/0.1.0/junit-xml-formatter-0.1.0.jar:/Users/bharathshenoy/.m2/repository/io/cucumber/ci-environment/9.1.0/ci-environment-9.1.0.jar:/Users/bharathshenoy/.m2/repository/org/apiguardian/apiguardian-api/1.1.2/apiguardian-api-1.1.2.jar:/Users/bharathshenoy/.m2/repository/io/cucumber/cucumber-junit/7.11.1/cucumber-junit-7.11.1.jar:/Users/bharathshenoy/.m2/repository/junit/junit/4.13.2/junit-4.13.2.jar:/Users/bharathshenoy/.m2/repository/org/hamcrest/hamcrest-core/1.3/hamcrest-core-1.3.jar:/Users/bharathshenoy/.m2/repository/io/cucumber/cucumber-testng/7.11.1/cucumber-testng-7.11.1.jar:/Users/bharathshenoy/.m2/repository/io/cucumber/cucumber-picocontainer/7.11.1/cucumber-picocontainer-7.11.1.jar:/Users/bharathshenoy/.m2/repository/org/picocontainer/picocontainer/2.15/picocontainer-2.15.jar:/Users/bharathshenoy/.m2/repository/com/browserstack/browserstack-java-sdk/1.0.6/browserstack-java-sdk-1.0.6.jar:/Users/bharathshenoy/.m2/repository/org/javassist/javassist/3.26.0-GA/javassist-3.26.0-GA.jar:/Users/bharathshenoy/.m2/repository/com/fasterxml/jackson/core/jackson-core/2.13.3/jackson-core-2.13.3.jar:/Users/bharathshenoy/.m2/repository/com/fasterxml/jackson/core/jackson-databind/2.13.3/jackson-databind-2.13.3.jar:/Users/bharathshenoy/.m2/repository/com/fasterxml/jackson/core/jackson-annotations/2.13.3/jackson-annotations-2.13.3.jar:/Users/bharathshenoy/.m2/repository/com/browserstack/browserstack-local-java/1.0.6/browserstack-local-java-1.0.6.jar:/Users/bharathshenoy/.m2/repository/org/json/json/20160212/json-20160212.jar:/Users/bharathshenoy/.m2/repository/com/googlecode/json-simple/json-simple/1.1.1/json-simple-1.1.1.jar:/Users/bharathshenoy/.m2/repository/org/yaml/snakeyaml/1.30/snakeyaml-1.30.jar:/Users/bharathshenoy/.m2/repository/org/apache/maven/plugins/maven-site-plugin/3.3/maven-site-plugin-3.3.jar:/Users/bharathshenoy/.m2/repository/org/apache/maven/reporting/maven-reporting-exec/1.1/maven-reporting-exec-1.1.jar:/Users/bharathshenoy/.m2/repository/org/apache/maven/reporting/maven-reporting-api/3.0/maven-reporting-api-3.0.jar:/Users/bharathshenoy/.m2/repository/org/apache/maven/maven-artifact/3.0/maven-artifact-3.0.jar:/Users/bharathshenoy/.m2/repository/org/apache/maven/shared/maven-shared-utils/0.3/maven-shared-utils-0.3.jar:/Users/bharathshenoy/.m2/repository/org/codehaus/plexus/plexus-component-annotations/1.5.5/plexus-component-annotations-1.5.5.jar:/Users/bharathshenoy/.m2/repository/org/sonatype/aether/aether-util/1.7/aether-util-1.7.jar:/Users/bharathshenoy/.m2/repository/org/eclipse/aether/aether-util/0.9.0.M2/aether-util-0.9.0.M2.jar:/Users/bharathshenoy/.m2/repository/org/apache/maven/maven-core/3.0/maven-core-3.0.jar:/Users/bharathshenoy/.m2/repository/org/apache/maven/maven-repository-metadata/3.0/maven-repository-metadata-3.0.jar:/Users/bharathshenoy/.m2/repository/org/apache/maven/maven-model-builder/3.0/maven-model-builder-3.0.jar:/Users/bharathshenoy/.m2/repository/org/apache/maven/maven-aether-provider/3.0/maven-aether-provider-3.0.jar:/Users/bharathshenoy/.m2/repository/org/sonatype/aether/aether-impl/1.7/aether-impl-1.7.jar:/Users/bharathshenoy/.m2/repository/org/sonatype/aether/aether-spi/1.7/aether-spi-1.7.jar:/Users/bharathshenoy/.m2/repository/org/sonatype/aether/aether-api/1.7/aether-api-1.7.jar:/Users/bharathshenoy/.m2/repository/org/sonatype/sisu/sisu-inject-plexus/1.4.2/sisu-inject-plexus-1.4.2.jar:/Users/bharathshenoy/.m2/repository/org/sonatype/sisu/sisu-inject-bean/1.4.2/sisu-inject-bean-1.4.2.jar:/Users/bharathshenoy/.m2/repository/org/sonatype/sisu/sisu-guice/2.1.7/sisu-guice-2.1.7-noaop.jar:/Users/bharathshenoy/.m2/repository/org/codehaus/plexus/plexus-interpolation/1.14/plexus-interpolation-1.14.jar:/Users/bharathshenoy/.m2/repository/org/codehaus/plexus/plexus-classworlds/2.2.3/plexus-classworlds-2.2.3.jar:/Users/bharathshenoy/.m2/repository/org/sonatype/plexus/plexus-sec-dispatcher/1.3/plexus-sec-dispatcher-1.3.jar:/Users/bharathshenoy/.m2/repository/org/sonatype/plexus/plexus-cipher/1.4/plexus-cipher-1.4.jar:/Users/bharathshenoy/.m2/repository/org/apache/maven/maven-model/3.0/maven-model-3.0.jar:/Users/bharathshenoy/.m2/repository/org/apache/maven/maven-plugin-api/3.0/maven-plugin-api-3.0.jar:/Users/bharathshenoy/.m2/repository/org/apache/maven/maven-settings/3.0/maven-settings-3.0.jar:/Users/bharathshenoy/.m2/repository/org/apache/maven/maven-settings-builder/3.0/maven-settings-builder-3.0.jar:/Users/bharathshenoy/.m2/repository/org/apache/maven/maven-archiver/2.4.2/maven-archiver-2.4.2.jar:/Users/bharathshenoy/.m2/repository/org/apache/maven/doxia/doxia-sink-api/1.4/doxia-sink-api-1.4.jar:/Users/bharathshenoy/.m2/repository/org/apache/maven/doxia/doxia-logging-api/1.4/doxia-logging-api-1.4.jar:/Users/bharathshenoy/.m2/repository/org/codehaus/plexus/plexus-container-default/1.0-alpha-30/plexus-container-default-1.0-alpha-30.jar:/Users/bharathshenoy/.m2/repository/org/apache/maven/doxia/doxia-core/1.4/doxia-core-1.4.jar:/Users/bharathshenoy/.m2/repository/xerces/xercesImpl/2.9.1/xercesImpl-2.9.1.jar:/Users/bharathshenoy/.m2/repository/xml-apis/xml-apis/1.3.04/xml-apis-1.3.04.jar:/Users/bharathshenoy/.m2/repository/org/apache/httpcomponents/httpclient/4.0.2/httpclient-4.0.2.jar:/Users/bharathshenoy/.m2/repository/commons-logging/commons-logging/1.1.1/commons-logging-1.1.1.jar:/Users/bharathshenoy/.m2/repository/org/apache/httpcomponents/httpcore/4.0.1/httpcore-4.0.1.jar:/Users/bharathshenoy/.m2/repository/org/apache/maven/doxia/doxia-module-xhtml/1.4/doxia-module-xhtml-1.4.jar:/Users/bharathshenoy/.m2/repository/org/apache/maven/doxia/doxia-module-apt/1.4/doxia-module-apt-1.4.jar:/Users/bharathshenoy/.m2/repository/org/apache/maven/doxia/doxia-module-xdoc/1.4/doxia-module-xdoc-1.4.jar:/Users/bharathshenoy/.m2/repository/org/apache/maven/doxia/doxia-module-fml/1.4/doxia-module-fml-1.4.jar:/Users/bharathshenoy/.m2/repository/org/apache/maven/doxia/doxia-module-markdown/1.4/doxia-module-markdown-1.4.jar:/Users/bharathshenoy/.m2/repository/org/pegdown/pegdown/1.2.1/pegdown-1.2.1.jar:/Users/bharathshenoy/.m2/repository/org/parboiled/parboiled-java/1.1.4/parboiled-java-1.1.4.jar:/Users/bharathshenoy/.m2/repository/org/parboiled/parboiled-core/1.1.4/parboiled-core-1.1.4.jar:/Users/bharathshenoy/.m2/repository/org/ow2/asm/asm/4.1/asm-4.1.jar:/Users/bharathshenoy/.m2/repository/org/ow2/asm/asm-tree/4.1/asm-tree-4.1.jar:/Users/bharathshenoy/.m2/repository/org/ow2/asm/asm-analysis/4.1/asm-analysis-4.1.jar:/Users/bharathshenoy/.m2/repository/org/ow2/asm/asm-util/4.1/asm-util-4.1.jar:/Users/bharathshenoy/.m2/repository/javax/servlet/servlet-api/2.5/servlet-api-2.5.jar:/Users/bharathshenoy/.m2/repository/org/apache/maven/doxia/doxia-decoration-model/1.4/doxia-decoration-model-1.4.jar:/Users/bharathshenoy/.m2/repository/org/apache/maven/doxia/doxia-site-renderer/1.4/doxia-site-renderer-1.4.jar:/Users/bharathshenoy/.m2/repository/org/apache/velocity/velocity-tools/2.0/velocity-tools-2.0.jar:/Users/bharathshenoy/.m2/repository/commons-beanutils/commons-beanutils/1.7.0/commons-beanutils-1.7.0.jar:/Users/bharathshenoy/.m2/repository/commons-digester/commons-digester/1.8/commons-digester-1.8.jar:/Users/bharathshenoy/.m2/repository/commons-chain/commons-chain/1.1/commons-chain-1.1.jar:/Users/bharathshenoy/.m2/repository/commons-validator/commons-validator/1.3.1/commons-validator-1.3.1.jar:/Users/bharathshenoy/.m2/repository/dom4j/dom4j/1.1/dom4j-1.1.jar:/Users/bharathshenoy/.m2/repository/sslext/sslext/1.2-0/sslext-1.2-0.jar:/Users/bharathshenoy/.m2/repository/org/apache/struts/struts-core/1.3.8/struts-core-1.3.8.jar:/Users/bharathshenoy/.m2/repository/antlr/antlr/2.7.2/antlr-2.7.2.jar:/Users/bharathshenoy/.m2/repository/org/apache/struts/struts-taglib/1.3.8/struts-taglib-1.3.8.jar:/Users/bharathshenoy/.m2/repository/org/apache/struts/struts-tiles/1.3.8/struts-tiles-1.3.8.jar:/Users/bharathshenoy/.m2/repository/commons-collections/commons-collections/3.2.1/commons-collections-3.2.1.jar:/Users/bharathshenoy/.m2/repository/org/apache/maven/doxia/doxia-integration-tools/1.5/doxia-integration-tools-1.5.jar:/Users/bharathshenoy/.m2/repository/org/apache/maven/wagon/wagon-provider-api/1.0/wagon-provider-api-1.0.jar:/Users/bharathshenoy/.m2/repository/org/codehaus/plexus/plexus-archiver/1.0/plexus-archiver-1.0.jar:/Users/bharathshenoy/.m2/repository/org/codehaus/plexus/plexus-io/1.0/plexus-io-1.0.jar:/Users/bharathshenoy/.m2/repository/org/codehaus/plexus/plexus-i18n/1.0-beta-7/plexus-i18n-1.0-beta-7.jar:/Users/bharathshenoy/.m2/repository/org/apache/velocity/velocity/1.5/velocity-1.5.jar:/Users/bharathshenoy/.m2/repository/oro/oro/2.0.8/oro-2.0.8.jar:/Users/bharathshenoy/.m2/repository/org/codehaus/plexus/plexus-velocity/1.1.8/plexus-velocity-1.1.8.jar:/Users/bharathshenoy/.m2/repository/org/codehaus/plexus/plexus-utils/1.5.10/plexus-utils-1.5.10.jar:/Users/bharathshenoy/.m2/repository/org/mortbay/jetty/jetty/6.1.25/jetty-6.1.25.jar:/Users/bharathshenoy/.m2/repository/org/mortbay/jetty/servlet-api/2.5-20081211/servlet-api-2.5-20081211.jar:/Users/bharathshenoy/.m2/repository/org/mortbay/jetty/jetty-util/6.1.25/jetty-util-6.1.25.jar:/Users/bharathshenoy/.m2/repository/commons-lang/commons-lang/2.5/commons-lang-2.5.jar:"/>
    <property name="java.vm.vendor" value="Oracle Corporation"/>
    <property name="sun.arch.data.model" value="64"/>
    <property name="java.vendor.url" value="https://java.oracle.com/"/>
    <property name="user.timezone" value="Asia/Kolkata"/>
    <property name="os.name" value="Mac OS X"/>
    <property name="java.vm.specification.version" value="17"/>
    <property name="sun.java.launcher" value="SUN_STANDARD"/>
    <property name="user.country" value="GB"/>
    <property name="sun.boot.library.path" value="/Library/Java/JavaVirtualMachines/jdk-17.jdk/Contents/Home/lib"/>
    <property name="sun.java.command" value="/Users/bharathshenoy/HrOne Cucumber/target/surefire/surefirebooter8215908052780871661.jar /Users/bharathshenoy/HrOne Cucumber/target/surefire 2023-03-05T22-56-50_445-jvmRun1 surefire15902281766385252822tmp surefire_02812462237577687724tmp"/>
    <property name="jdk.debug" value="release"/>
    <property name="surefire.test.class.path" value="/Users/bharathshenoy/HrOne Cucumber/target/test-classes:/Users/bharathshenoy/HrOne Cucumber/target/classes:/Users/bharathshenoy/.m2/repository/org/seleniumhq/selenium/selenium-chrome-driver/4.8.0/selenium-chrome-driver-4.8.0.jar:/Users/bharathshenoy/.m2/repository/com/google/auto/service/auto-service-annotations/1.0.1/auto-service-annotations-1.0.1.jar:/Users/bharathshenoy/.m2/repository/com/google/auto/service/auto-service/1.0.1/auto-service-1.0.1.jar:/Users/bharathshenoy/.m2/repository/com/google/auto/auto-common/1.2/auto-common-1.2.jar:/Users/bharathshenoy/.m2/repository/com/google/guava/guava/31.1-jre/guava-31.1-jre.jar:/Users/bharathshenoy/.m2/repository/com/google/guava/failureaccess/1.0.1/failureaccess-1.0.1.jar:/Users/bharathshenoy/.m2/repository/com/google/guava/listenablefuture/9999.0-empty-to-avoid-conflict-with-guava/listenablefuture-9999.0-empty-to-avoid-conflict-with-guava.jar:/Users/bharathshenoy/.m2/repository/com/google/code/findbugs/jsr305/3.0.2/jsr305-3.0.2.jar:/Users/bharathshenoy/.m2/repository/org/checkerframework/checker-qual/3.12.0/checker-qual-3.12.0.jar:/Users/bharathshenoy/.m2/repository/com/google/errorprone/error_prone_annotations/2.11.0/error_prone_annotations-2.11.0.jar:/Users/bharathshenoy/.m2/repository/com/google/j2objc/j2objc-annotations/1.3/j2objc-annotations-1.3.jar:/Users/bharathshenoy/.m2/repository/org/seleniumhq/selenium/selenium-api/4.8.0/selenium-api-4.8.0.jar:/Users/bharathshenoy/.m2/repository/org/seleniumhq/selenium/selenium-chromium-driver/4.8.0/selenium-chromium-driver-4.8.0.jar:/Users/bharathshenoy/.m2/repository/org/seleniumhq/selenium/selenium-json/4.8.0/selenium-json-4.8.0.jar:/Users/bharathshenoy/.m2/repository/org/seleniumhq/selenium/selenium-remote-driver/4.8.0/selenium-remote-driver-4.8.0.jar:/Users/bharathshenoy/.m2/repository/io/netty/netty-buffer/4.1.87.Final/netty-buffer-4.1.87.Final.jar:/Users/bharathshenoy/.m2/repository/io/netty/netty-codec-http/4.1.87.Final/netty-codec-http-4.1.87.Final.jar:/Users/bharathshenoy/.m2/repository/io/netty/netty-codec/4.1.87.Final/netty-codec-4.1.87.Final.jar:/Users/bharathshenoy/.m2/repository/io/netty/netty-handler/4.1.87.Final/netty-handler-4.1.87.Final.jar:/Users/bharathshenoy/.m2/repository/io/netty/netty-common/4.1.87.Final/netty-common-4.1.87.Final.jar:/Users/bharathshenoy/.m2/repository/io/netty/netty-transport-classes-epoll/4.1.87.Final/netty-transport-classes-epoll-4.1.87.Final.jar:/Users/bharathshenoy/.m2/repository/io/netty/netty-transport-classes-kqueue/4.1.87.Final/netty-transport-classes-kqueue-4.1.87.Final.jar:/Users/bharathshenoy/.m2/repository/io/netty/netty-transport-native-epoll/4.1.87.Final/netty-transport-native-epoll-4.1.87.Final.jar:/Users/bharathshenoy/.m2/repository/io/netty/netty-transport-native-kqueue/4.1.87.Final/netty-transport-native-kqueue-4.1.87.Final.jar:/Users/bharathshenoy/.m2/repository/io/netty/netty-transport-native-unix-common/4.1.87.Final/netty-transport-native-unix-common-4.1.87.Final.jar:/Users/bharathshenoy/.m2/repository/io/netty/netty-transport/4.1.87.Final/netty-transport-4.1.87.Final.jar:/Users/bharathshenoy/.m2/repository/io/netty/netty-resolver/4.1.87.Final/netty-resolver-4.1.87.Final.jar:/Users/bharathshenoy/.m2/repository/io/opentelemetry/opentelemetry-api/1.22.0/opentelemetry-api-1.22.0.jar:/Users/bharathshenoy/.m2/repository/io/opentelemetry/opentelemetry-context/1.22.0/opentelemetry-context-1.22.0.jar:/Users/bharathshenoy/.m2/repository/io/opentelemetry/opentelemetry-exporter-logging/1.22.0/opentelemetry-exporter-logging-1.22.0.jar:/Users/bharathshenoy/.m2/repository/io/opentelemetry/opentelemetry-sdk-metrics/1.22.0/opentelemetry-sdk-metrics-1.22.0.jar:/Users/bharathshenoy/.m2/repository/io/opentelemetry/opentelemetry-sdk-logs/1.22.0-alpha/opentelemetry-sdk-logs-1.22.0-alpha.jar:/Users/bharathshenoy/.m2/repository/io/opentelemetry/opentelemetry-api-logs/1.22.0-alpha/opentelemetry-api-logs-1.22.0-alpha.jar:/Users/bharathshenoy/.m2/repository/io/opentelemetry/opentelemetry-sdk-common/1.22.0/opentelemetry-sdk-common-1.22.0.jar:/Users/bharathshenoy/.m2/repository/io/opentelemetry/opentelemetry-sdk-extension-autoconfigure-spi/1.22.0/opentelemetry-sdk-extension-autoconfigure-spi-1.22.0.jar:/Users/bharathshenoy/.m2/repository/io/opentelemetry/opentelemetry-sdk-extension-autoconfigure/1.22.0-alpha/opentelemetry-sdk-extension-autoconfigure-1.22.0-alpha.jar:/Users/bharathshenoy/.m2/repository/io/opentelemetry/opentelemetry-sdk-trace/1.22.0/opentelemetry-sdk-trace-1.22.0.jar:/Users/bharathshenoy/.m2/repository/io/opentelemetry/opentelemetry-sdk/1.22.0/opentelemetry-sdk-1.22.0.jar:/Users/bharathshenoy/.m2/repository/io/opentelemetry/opentelemetry-semconv/1.22.0-alpha/opentelemetry-semconv-1.22.0-alpha.jar:/Users/bharathshenoy/.m2/repository/io/ous/jtoml/2.0.0/jtoml-2.0.0.jar:/Users/bharathshenoy/.m2/repository/net/bytebuddy/byte-buddy/1.12.22/byte-buddy-1.12.22.jar:/Users/bharathshenoy/.m2/repository/org/apache/commons/commons-exec/1.3/commons-exec-1.3.jar:/Users/bharathshenoy/.m2/repository/org/asynchttpclient/async-http-client/2.12.3/async-http-client-2.12.3.jar:/Users/bharathshenoy/.m2/repository/org/asynchttpclient/async-http-client-netty-utils/2.12.3/async-http-client-netty-utils-2.12.3.jar:/Users/bharathshenoy/.m2/repository/io/netty/netty-codec-socks/4.1.60.Final/netty-codec-socks-4.1.60.Final.jar:/Users/bharathshenoy/.m2/repository/io/netty/netty-handler-proxy/4.1.60.Final/netty-handler-proxy-4.1.60.Final.jar:/Users/bharathshenoy/.m2/repository/io/netty/netty-transport-native-epoll/4.1.60.Final/netty-transport-native-epoll-4.1.60.Final-linux-x86_64.jar:/Users/bharathshenoy/.m2/repository/io/netty/netty-transport-native-kqueue/4.1.60.Final/netty-transport-native-kqueue-4.1.60.Final-osx-x86_64.jar:/Users/bharathshenoy/.m2/repository/org/reactivestreams/reactive-streams/1.0.3/reactive-streams-1.0.3.jar:/Users/bharathshenoy/.m2/repository/com/typesafe/netty/netty-reactive-streams/2.0.4/netty-reactive-streams-2.0.4.jar:/Users/bharathshenoy/.m2/repository/com/sun/activation/jakarta.activation/1.2.2/jakarta.activation-1.2.2.jar:/Users/bharathshenoy/.m2/repository/org/seleniumhq/selenium/selenium-http/4.8.0/selenium-http-4.8.0.jar:/Users/bharathshenoy/.m2/repository/dev/failsafe/failsafe/3.3.0/failsafe-3.3.0.jar:/Users/bharathshenoy/.m2/repository/org/seleniumhq/selenium/selenium-manager/4.8.0/selenium-manager-4.8.0.jar:/Users/bharathshenoy/.m2/repository/org/testng/testng/7.7.1/testng-7.7.1.jar:/Users/bharathshenoy/.m2/repository/org/slf4j/slf4j-api/1.7.36/slf4j-api-1.7.36.jar:/Users/bharathshenoy/.m2/repository/com/beust/jcommander/1.82/jcommander-1.82.jar:/Users/bharathshenoy/.m2/repository/org/webjars/jquery/3.6.1/jquery-3.6.1.jar:/Users/bharathshenoy/.m2/repository/org/seleniumhq/selenium/selenium-java/4.8.1/selenium-java-4.8.1.jar:/Users/bharathshenoy/.m2/repository/org/seleniumhq/selenium/selenium-devtools-v108/4.8.1/selenium-devtools-v108-4.8.1.jar:/Users/bharathshenoy/.m2/repository/org/seleniumhq/selenium/selenium-devtools-v109/4.8.1/selenium-devtools-v109-4.8.1.jar:/Users/bharathshenoy/.m2/repository/org/seleniumhq/selenium/selenium-devtools-v110/4.8.1/selenium-devtools-v110-4.8.1.jar:/Users/bharathshenoy/.m2/repository/org/seleniumhq/selenium/selenium-devtools-v85/4.8.1/selenium-devtools-v85-4.8.1.jar:/Users/bharathshenoy/.m2/repository/org/seleniumhq/selenium/selenium-edge-driver/4.8.1/selenium-edge-driver-4.8.1.jar:/Users/bharathshenoy/.m2/repository/org/seleniumhq/selenium/selenium-firefox-driver/4.8.1/selenium-firefox-driver-4.8.1.jar:/Users/bharathshenoy/.m2/repository/org/seleniumhq/selenium/selenium-ie-driver/4.8.1/selenium-ie-driver-4.8.1.jar:/Users/bharathshenoy/.m2/repository/org/seleniumhq/selenium/selenium-safari-driver/4.8.1/selenium-safari-driver-4.8.1.jar:/Users/bharathshenoy/.m2/repository/org/seleniumhq/selenium/selenium-support/4.8.1/selenium-support-4.8.1.jar:/Users/bharathshenoy/.m2/repository/log4j/log4j/1.2.17/log4j-1.2.17.jar:/Users/bharathshenoy/.m2/repository/io/github/bonigarcia/webdrivermanager/4.4.3/webdrivermanager-4.4.3.jar:/Users/bharathshenoy/.m2/repository/commons-io/commons-io/2.8.0/commons-io-2.8.0.jar:/Users/bharathshenoy/.m2/repository/com/google/code/gson/gson/2.8.6/gson-2.8.6.jar:/Users/bharathshenoy/.m2/repository/org/apache/commons/commons-lang3/3.12.0/commons-lang3-3.12.0.jar:/Users/bharathshenoy/.m2/repository/org/apache/httpcomponents/client5/httpclient5/5.0.3/httpclient5-5.0.3.jar:/Users/bharathshenoy/.m2/repository/org/apache/httpcomponents/core5/httpcore5/5.0.2/httpcore5-5.0.2.jar:/Users/bharathshenoy/.m2/repository/org/apache/httpcomponents/core5/httpcore5-h2/5.0.2/httpcore5-h2-5.0.2.jar:/Users/bharathshenoy/.m2/repository/commons-codec/commons-codec/1.13/commons-codec-1.13.jar:/Users/bharathshenoy/.m2/repository/org/rauschig/jarchivelib/1.1.0/jarchivelib-1.1.0.jar:/Users/bharathshenoy/.m2/repository/org/apache/commons/commons-compress/1.20/commons-compress-1.20.jar:/Users/bharathshenoy/.m2/repository/org/jsoup/jsoup/1.13.1/jsoup-1.13.1.jar:/Users/bharathshenoy/.m2/repository/io/cucumber/cucumber-java/7.11.1/cucumber-java-7.11.1.jar:/Users/bharathshenoy/.m2/repository/io/cucumber/cucumber-core/7.11.1/cucumber-core-7.11.1.jar:/Users/bharathshenoy/.m2/repository/io/cucumber/cucumber-gherkin/7.11.1/cucumber-gherkin-7.11.1.jar:/Users/bharathshenoy/.m2/repository/io/cucumber/cucumber-gherkin-messages/7.11.1/cucumber-gherkin-messages-7.11.1.jar:/Users/bharathshenoy/.m2/repository/io/cucumber/gherkin/26.0.3/gherkin-26.0.3.jar:/Users/bharathshenoy/.m2/repository/io/cucumber/messages/21.0.1/messages-21.0.1.jar:/Users/bharathshenoy/.m2/repository/io/cucumber/tag-expressions/5.0.1/tag-expressions-5.0.1.jar:/Users/bharathshenoy/.m2/repository/io/cucumber/cucumber-expressions/16.1.2/cucumber-expressions-16.1.2.jar:/Users/bharathshenoy/.m2/repository/io/cucumber/datatable/7.11.1/datatable-7.11.1.jar:/Users/bharathshenoy/.m2/repository/io/cucumber/cucumber-plugin/7.11.1/cucumber-plugin-7.11.1.jar:/Users/bharathshenoy/.m2/repository/io/cucumber/docstring/7.11.1/docstring-7.11.1.jar:/Users/bharathshenoy/.m2/repository/io/cucumber/html-formatter/20.2.1/html-formatter-20.2.1.jar:/Users/bharathshenoy/.m2/repository/io/cucumber/junit-xml-formatter/0.1.0/junit-xml-formatter-0.1.0.jar:/Users/bharathshenoy/.m2/repository/io/cucumber/ci-environment/9.1.0/ci-environment-9.1.0.jar:/Users/bharathshenoy/.m2/repository/org/apiguardian/apiguardian-api/1.1.2/apiguardian-api-1.1.2.jar:/Users/bharathshenoy/.m2/repository/io/cucumber/cucumber-junit/7.11.1/cucumber-junit-7.11.1.jar:/Users/bharathshenoy/.m2/repository/junit/junit/4.13.2/junit-4.13.2.jar:/Users/bharathshenoy/.m2/repository/org/hamcrest/hamcrest-core/1.3/hamcrest-core-1.3.jar:/Users/bharathshenoy/.m2/repository/io/cucumber/cucumber-testng/7.11.1/cucumber-testng-7.11.1.jar:/Users/bharathshenoy/.m2/repository/io/cucumber/cucumber-picocontainer/7.11.1/cucumber-picocontainer-7.11.1.jar:/Users/bharathshenoy/.m2/repository/org/picocontainer/picocontainer/2.15/picocontainer-2.15.jar:/Users/bharathshenoy/.m2/repository/com/browserstack/browserstack-java-sdk/1.0.6/browserstack-java-sdk-1.0.6.jar:/Users/bharathshenoy/.m2/repository/org/javassist/javassist/3.26.0-GA/javassist-3.26.0-GA.jar:/Users/bharathshenoy/.m2/repository/com/fasterxml/jackson/core/jackson-core/2.13.3/jackson-core-2.13.3.jar:/Users/bharathshenoy/.m2/repository/com/fasterxml/jackson/core/jackson-databind/2.13.3/jackson-databind-2.13.3.jar:/Users/bharathshenoy/.m2/repository/com/fasterxml/jackson/core/jackson-annotations/2.13.3/jackson-annotations-2.13.3.jar:/Users/bharathshenoy/.m2/repository/com/browserstack/browserstack-local-java/1.0.6/browserstack-local-java-1.0.6.jar:/Users/bharathshenoy/.m2/repository/org/json/json/20160212/json-20160212.jar:/Users/bharathshenoy/.m2/repository/com/googlecode/json-simple/json-simple/1.1.1/json-simple-1.1.1.jar:/Users/bharathshenoy/.m2/repository/org/yaml/snakeyaml/1.30/snakeyaml-1.30.jar:/Users/bharathshenoy/.m2/repository/org/apache/maven/plugins/maven-site-plugin/3.3/maven-site-plugin-3.3.jar:/Users/bharathshenoy/.m2/repository/org/apache/maven/reporting/maven-reporting-exec/1.1/maven-reporting-exec-1.1.jar:/Users/bharathshenoy/.m2/repository/org/apache/maven/reporting/maven-reporting-api/3.0/maven-reporting-api-3.0.jar:/Users/bharathshenoy/.m2/repository/org/apache/maven/maven-artifact/3.0/maven-artifact-3.0.jar:/Users/bharathshenoy/.m2/repository/org/apache/maven/shared/maven-shared-utils/0.3/maven-shared-utils-0.3.jar:/Users/bharathshenoy/.m2/repository/org/codehaus/plexus/plexus-component-annotations/1.5.5/plexus-component-annotations-1.5.5.jar:/Users/bharathshenoy/.m2/repository/org/sonatype/aether/aether-util/1.7/aether-util-1.7.jar:/Users/bharathshenoy/.m2/repository/org/eclipse/aether/aether-util/0.9.0.M2/aether-util-0.9.0.M2.jar:/Users/bharathshenoy/.m2/repository/org/apache/maven/maven-core/3.0/maven-core-3.0.jar:/Users/bharathshenoy/.m2/repository/org/apache/maven/maven-repository-metadata/3.0/maven-repository-metadata-3.0.jar:/Users/bharathshenoy/.m2/repository/org/apache/maven/maven-model-builder/3.0/maven-model-builder-3.0.jar:/Users/bharathshenoy/.m2/repository/org/apache/maven/maven-aether-provider/3.0/maven-aether-provider-3.0.jar:/Users/bharathshenoy/.m2/repository/org/sonatype/aether/aether-impl/1.7/aether-impl-1.7.jar:/Users/bharathshenoy/.m2/repository/org/sonatype/aether/aether-spi/1.7/aether-spi-1.7.jar:/Users/bharathshenoy/.m2/repository/org/sonatype/aether/aether-api/1.7/aether-api-1.7.jar:/Users/bharathshenoy/.m2/repository/org/sonatype/sisu/sisu-inject-plexus/1.4.2/sisu-inject-plexus-1.4.2.jar:/Users/bharathshenoy/.m2/repository/org/sonatype/sisu/sisu-inject-bean/1.4.2/sisu-inject-bean-1.4.2.jar:/Users/bharathshenoy/.m2/repository/org/sonatype/sisu/sisu-guice/2.1.7/sisu-guice-2.1.7-noaop.jar:/Users/bharathshenoy/.m2/repository/org/codehaus/plexus/plexus-interpolation/1.14/plexus-interpolation-1.14.jar:/Users/bharathshenoy/.m2/repository/org/codehaus/plexus/plexus-classworlds/2.2.3/plexus-classworlds-2.2.3.jar:/Users/bharathshenoy/.m2/repository/org/sonatype/plexus/plexus-sec-dispatcher/1.3/plexus-sec-dispatcher-1.3.jar:/Users/bharathshenoy/.m2/repository/org/sonatype/plexus/plexus-cipher/1.4/plexus-cipher-1.4.jar:/Users/bharathshenoy/.m2/repository/org/apache/maven/maven-model/3.0/maven-model-3.0.jar:/Users/bharathshenoy/.m2/repository/org/apache/maven/maven-plugin-api/3.0/maven-plugin-api-3.0.jar:/Users/bharathshenoy/.m2/repository/org/apache/maven/maven-settings/3.0/maven-settings-3.0.jar:/Users/bharathshenoy/.m2/repository/org/apache/maven/maven-settings-builder/3.0/maven-settings-builder-3.0.jar:/Users/bharathshenoy/.m2/repository/org/apache/maven/maven-archiver/2.4.2/maven-archiver-2.4.2.jar:/Users/bharathshenoy/.m2/repository/org/apache/maven/doxia/doxia-sink-api/1.4/doxia-sink-api-1.4.jar:/Users/bharathshenoy/.m2/repository/org/apache/maven/doxia/doxia-logging-api/1.4/doxia-logging-api-1.4.jar:/Users/bharathshenoy/.m2/repository/org/codehaus/plexus/plexus-container-default/1.0-alpha-30/plexus-container-default-1.0-alpha-30.jar:/Users/bharathshenoy/.m2/repository/org/apache/maven/doxia/doxia-core/1.4/doxia-core-1.4.jar:/Users/bharathshenoy/.m2/repository/xerces/xercesImpl/2.9.1/xercesImpl-2.9.1.jar:/Users/bharathshenoy/.m2/repository/xml-apis/xml-apis/1.3.04/xml-apis-1.3.04.jar:/Users/bharathshenoy/.m2/repository/org/apache/httpcomponents/httpclient/4.0.2/httpclient-4.0.2.jar:/Users/bharathshenoy/.m2/repository/commons-logging/commons-logging/1.1.1/commons-logging-1.1.1.jar:/Users/bharathshenoy/.m2/repository/org/apache/httpcomponents/httpcore/4.0.1/httpcore-4.0.1.jar:/Users/bharathshenoy/.m2/repository/org/apache/maven/doxia/doxia-module-xhtml/1.4/doxia-module-xhtml-1.4.jar:/Users/bharathshenoy/.m2/repository/org/apache/maven/doxia/doxia-module-apt/1.4/doxia-module-apt-1.4.jar:/Users/bharathshenoy/.m2/repository/org/apache/maven/doxia/doxia-module-xdoc/1.4/doxia-module-xdoc-1.4.jar:/Users/bharathshenoy/.m2/repository/org/apache/maven/doxia/doxia-module-fml/1.4/doxia-module-fml-1.4.jar:/Users/bharathshenoy/.m2/repository/org/apache/maven/doxia/doxia-module-markdown/1.4/doxia-module-markdown-1.4.jar:/Users/bharathshenoy/.m2/repository/org/pegdown/pegdown/1.2.1/pegdown-1.2.1.jar:/Users/bharathshenoy/.m2/repository/org/parboiled/parboiled-java/1.1.4/parboiled-java-1.1.4.jar:/Users/bharathshenoy/.m2/repository/org/parboiled/parboiled-core/1.1.4/parboiled-core-1.1.4.jar:/Users/bharathshenoy/.m2/repository/org/ow2/asm/asm/4.1/asm-4.1.jar:/Users/bharathshenoy/.m2/repository/org/ow2/asm/asm-tree/4.1/asm-tree-4.1.jar:/Users/bharathshenoy/.m2/repository/org/ow2/asm/asm-analysis/4.1/asm-analysis-4.1.jar:/Users/bharathshenoy/.m2/repository/org/ow2/asm/asm-util/4.1/asm-util-4.1.jar:/Users/bharathshenoy/.m2/repository/javax/servlet/servlet-api/2.5/servlet-api-2.5.jar:/Users/bharathshenoy/.m2/repository/org/apache/maven/doxia/doxia-decoration-model/1.4/doxia-decoration-model-1.4.jar:/Users/bharathshenoy/.m2/repository/org/apache/maven/doxia/doxia-site-renderer/1.4/doxia-site-renderer-1.4.jar:/Users/bharathshenoy/.m2/repository/org/apache/velocity/velocity-tools/2.0/velocity-tools-2.0.jar:/Users/bharathshenoy/.m2/repository/commons-beanutils/commons-beanutils/1.7.0/commons-beanutils-1.7.0.jar:/Users/bharathshenoy/.m2/repository/commons-digester/commons-digester/1.8/commons-digester-1.8.jar:/Users/bharathshenoy/.m2/repository/commons-chain/commons-chain/1.1/commons-chain-1.1.jar:/Users/bharathshenoy/.m2/repository/commons-validator/commons-validator/1.3.1/commons-validator-1.3.1.jar:/Users/bharathshenoy/.m2/repository/dom4j/dom4j/1.1/dom4j-1.1.jar:/Users/bharathshenoy/.m2/repository/sslext/sslext/1.2-0/sslext-1.2-0.jar:/Users/bharathshenoy/.m2/repository/org/apache/struts/struts-core/1.3.8/struts-core-1.3.8.jar:/Users/bharathshenoy/.m2/repository/antlr/antlr/2.7.2/antlr-2.7.2.jar:/Users/bharathshenoy/.m2/repository/org/apache/struts/struts-taglib/1.3.8/struts-taglib-1.3.8.jar:/Users/bharathshenoy/.m2/repository/org/apache/struts/struts-tiles/1.3.8/struts-tiles-1.3.8.jar:/Users/bharathshenoy/.m2/repository/commons-collections/commons-collections/3.2.1/commons-collections-3.2.1.jar:/Users/bharathshenoy/.m2/repository/org/apache/maven/doxia/doxia-integration-tools/1.5/doxia-integration-tools-1.5.jar:/Users/bharathshenoy/.m2/repository/org/apache/maven/wagon/wagon-provider-api/1.0/wagon-provider-api-1.0.jar:/Users/bharathshenoy/.m2/repository/org/codehaus/plexus/plexus-archiver/1.0/plexus-archiver-1.0.jar:/Users/bharathshenoy/.m2/repository/org/codehaus/plexus/plexus-io/1.0/plexus-io-1.0.jar:/Users/bharathshenoy/.m2/repository/org/codehaus/plexus/plexus-i18n/1.0-beta-7/plexus-i18n-1.0-beta-7.jar:/Users/bharathshenoy/.m2/repository/org/apache/velocity/velocity/1.5/velocity-1.5.jar:/Users/bharathshenoy/.m2/repository/oro/oro/2.0.8/oro-2.0.8.jar:/Users/bharathshenoy/.m2/repository/org/codehaus/plexus/plexus-velocity/1.1.8/plexus-velocity-1.1.8.jar:/Users/bharathshenoy/.m2/repository/org/codehaus/plexus/plexus-utils/1.5.10/plexus-utils-1.5.10.jar:/Users/bharathshenoy/.m2/repository/org/mortbay/jetty/jetty/6.1.25/jetty-6.1.25.jar:/Users/bharathshenoy/.m2/repository/org/mortbay/jetty/servlet-api/2.5-20081211/servlet-api-2.5-20081211.jar:/Users/bharathshenoy/.m2/repository/org/mortbay/jetty/jetty-util/6.1.25/jetty-util-6.1.25.jar:/Users/bharathshenoy/.m2/repository/commons-lang/commons-lang/2.5/commons-lang-2.5.jar:"/>
    <property name="sun.cpu.endian" value="little"/>
    <property name="user.home" value="/Users/bharathshenoy"/>
    <property name="user.language" value="en"/>
    <property name="java.specification.vendor" value="Oracle Corporation"/>
    <property name="java.version.date" value="2023-01-17"/>
    <property name="java.home" value="/Library/Java/JavaVirtualMachines/jdk-17.jdk/Contents/Home"/>
    <property name="file.separator" value="/"/>
    <property name="basedir" value="/Users/bharathshenoy/HrOne Cucumber"/>
    <property name="java.vm.compressedOopsMode" value="Zero based"/>
    <property name="line.separator" value="&#10;"/>
    <property name="java.specification.name" value="Java Platform API Specification"/>
    <property name="java.vm.specification.vendor" value="Oracle Corporation"/>
    <property name="surefire.real.class.path" value="/Users/bharathshenoy/HrOne Cucumber/target/surefire/surefirebooter8215908052780871661.jar"/>
    <property name="sun.management.compiler" value="HotSpot 64-Bit Tiered Compilers"/>
    <property name="java.runtime.version" value="17.0.6+9-LTS-190"/>
    <property name="user.name" value="bharathshenoy"/>
    <property name="path.separator" value=":"/>
    <property name="otel.metrics.exporter" value="none"/>
    <property name="os.version" value="12.6.3"/>
    <property name="java.runtime.name" value="Java(TM) SE Runtime Environment"/>
    <property name="otel.traces.exporter" value="none"/>
    <property name="file.encoding" value="UTF-8"/>
    <property name="java.vm.name" value="Java HotSpot(TM) 64-Bit Server VM"/>
    <property name="localRepository" value="/Users/bharathshenoy/.m2/repository"/>
    <property name="java.vendor.url.bug" value="https://bugreport.java.com/bugreport/"/>
    <property name="java.io.tmpdir" value="/var/folders/zc/sw4vbz6d6vq9zsdlfry9zptm0000gn/T/"/>
    <property name="java.version" value="17.0.6"/>
    <property name="cucumber.filter.tags" value="@smoke"/>
    <property name="user.dir" value="/Users/bharathshenoy/HrOne Cucumber"/>
    <property name="os.arch" value="x86_64"/>
    <property name="java.vm.specification.name" value="Java Virtual Machine Specification"/>
    <property name="native.encoding" value="UTF-8"/>
    <property name="java.library.path" value="/Users/bharathshenoy/Library/Java/Extensions:/Library/Java/Extensions:/Network/Library/Java/Extensions:/System/Library/Java/Extensions:/usr/lib/java:."/>
    <property name="java.vm.info" value="mixed mode, sharing"/>
    <property name="java.vendor" value="Oracle Corporation"/>
    <property name="java.vm.version" value="17.0.6+9-LTS-190"/>
    <property name="sun.io.unicode.encoding" value="UnicodeBig"/>
    <property name="java.class.version" value="61.0"/>
  </properties>
  <testcase name="runScenario[&quot;Mark the attendance daily&quot;, &quot;Login page&quot;](1)" classname="testRunner.hrOneTest" time="98.907">
    <system-out><![CDATA[
@smoke
Scenario: Mark the attendance daily       &amp#27;[90m# src/test/resources/features/markAttendance.feature:8&amp#27;[0m
BrowserStack sessionID.......... 9ff5cb66e1e1db7ad944d6ca74141d68beeb266b
  &amp#27;[32mGiven &amp#27;[0m&amp#27;[32muser enters the HrOne website url&amp#27;[0m &amp#27;[90m# steps.LoginSteps.userEntersHrOneUrl()&amp#27;[0m
  &amp#27;[32mAnd &amp#27;[0m&amp#27;[32muser performs valid login operation&amp#27;[0m &amp#27;[90m# steps.MarkingAttendanceSteps.userLogin()&amp#27;[0m
  &amp#27;[32mGiven &amp#27;[0m&amp#27;[32muser in in HrOne home page&amp#27;[0m        &amp#27;[90m# steps.MarkingAttendanceSteps.userIsInHrOneHomePage()&amp#27;[0m
May be Later button clicked
Clear button clicked
  &amp#27;[32mWhen &amp#27;[0m&amp#27;[32muser closes all the pop ups&amp#27;[0m        &amp#27;[90m# steps.MarkingAttendanceSteps.userClosesAllPopUps()&amp#27;[0m
  &amp#27;[32mThen &amp#27;[0m&amp#27;[32muser will mark the attendance&amp#27;[0m      &amp#27;[90m# steps.MarkingAttendanceSteps.userMarksAttendance()&amp#27;[0m
]]></system-out>
    <system-err><![CDATA[Mar 05, 2023 10:56:52 PM org.openqa.selenium.remote.tracing.opentelemetry.OpenTelemetryTracer createTracer
INFO: Using OpenTelemetry for tracing
Mar 05, 2023 10:56:52 PM org.openqa.selenium.remote.RemoteWebDriver checkNonW3CCapabilities
WARNING: Support for Legacy Capabilities is deprecated; You are sending the following invalid capabilities: [browserstack.geoLocation]; Please update to W3C Syntax: https://www.selenium.dev/blog/2022/legacy-protocol-support/
Mar 05, 2023 10:58:05 PM org.openqa.selenium.remote.ProtocolHandshake createSession
WARNING: Support for Legacy Capabilities is deprecated; You are sending the following invalid capabilities: [browserstack.geoLocation]; Please update to W3C Syntax: https://www.selenium.dev/blog/2022/legacy-protocol-support/
]]></system-err>
  </testcase>
</testsuite>