<?xml version="1.0" encoding="UTF-8"?>
<testsuite xmlns:xsi="http://www.w3.org/2001/XMLSchema-instance" xsi:noNamespaceSchemaLocation="https://maven.apache.org/surefire/maven-surefire-plugin/xsd/surefire-test-report-3.0.xsd" version="3.0" name="TestSuite" time="71.936" tests="1" errors="0" skipped="0" failures="1">
  <properties>
    <property name="java.specification.version" value="20"/>
    <property name="sun.jnu.encoding" value="UTF-8"/>
    <property name="java.class.path" value="/Users/bharathshenoy/hrone-cucumber/target/test-classes:/Users/bharathshenoy/hrone-cucumber/target/classes:/Users/bharathshenoy/.m2/repository/org/seleniumhq/selenium/selenium-chrome-driver/4.10.0/selenium-chrome-driver-4.10.0.jar:/Users/bharathshenoy/.m2/repository/com/google/auto/service/auto-service-annotations/1.0.1/auto-service-annotations-1.0.1.jar:/Users/bharathshenoy/.m2/repository/com/google/auto/service/auto-service/1.0.1/auto-service-1.0.1.jar:/Users/bharathshenoy/.m2/repository/com/google/auto/auto-common/1.2/auto-common-1.2.jar:/Users/bharathshenoy/.m2/repository/com/google/guava/guava/31.1-jre/guava-31.1-jre.jar:/Users/bharathshenoy/.m2/repository/com/google/guava/failureaccess/1.0.1/failureaccess-1.0.1.jar:/Users/bharathshenoy/.m2/repository/com/google/guava/listenablefuture/9999.0-empty-to-avoid-conflict-with-guava/listenablefuture-9999.0-empty-to-avoid-conflict-with-guava.jar:/Users/bharathshenoy/.m2/repository/com/google/code/findbugs/jsr305/3.0.2/jsr305-3.0.2.jar:/Users/bharathshenoy/.m2/repository/org/checkerframework/checker-qual/3.12.0/checker-qual-3.12.0.jar:/Users/bharathshenoy/.m2/repository/com/google/errorprone/error_prone_annotations/2.11.0/error_prone_annotations-2.11.0.jar:/Users/bharathshenoy/.m2/repository/com/google/j2objc/j2objc-annotations/1.3/j2objc-annotations-1.3.jar:/Users/bharathshenoy/.m2/repository/org/seleniumhq/selenium/selenium-api/4.10.0/selenium-api-4.10.0.jar:/Users/bharathshenoy/.m2/repository/org/seleniumhq/selenium/selenium-chromium-driver/4.10.0/selenium-chromium-driver-4.10.0.jar:/Users/bharathshenoy/.m2/repository/org/seleniumhq/selenium/selenium-json/4.10.0/selenium-json-4.10.0.jar:/Users/bharathshenoy/.m2/repository/org/seleniumhq/selenium/selenium-manager/4.10.0/selenium-manager-4.10.0.jar:/Users/bharathshenoy/.m2/repository/org/seleniumhq/selenium/selenium-remote-driver/4.10.0/selenium-remote-driver-4.10.0.jar:/Users/bharathshenoy/.m2/repository/io/netty/netty-buffer/4.1.92.Final/netty-buffer-4.1.92.Final.jar:/Users/bharathshenoy/.m2/repository/io/netty/netty-codec-http/4.1.92.Final/netty-codec-http-4.1.92.Final.jar:/Users/bharathshenoy/.m2/repository/io/netty/netty-codec/4.1.92.Final/netty-codec-4.1.92.Final.jar:/Users/bharathshenoy/.m2/repository/io/netty/netty-handler/4.1.92.Final/netty-handler-4.1.92.Final.jar:/Users/bharathshenoy/.m2/repository/io/netty/netty-common/4.1.92.Final/netty-common-4.1.92.Final.jar:/Users/bharathshenoy/.m2/repository/io/netty/netty-transport-classes-epoll/4.1.92.Final/netty-transport-classes-epoll-4.1.92.Final.jar:/Users/bharathshenoy/.m2/repository/io/netty/netty-transport-classes-kqueue/4.1.92.Final/netty-transport-classes-kqueue-4.1.92.Final.jar:/Users/bharathshenoy/.m2/repository/io/netty/netty-transport-native-epoll/4.1.92.Final/netty-transport-native-epoll-4.1.92.Final.jar:/Users/bharathshenoy/.m2/repository/io/netty/netty-transport-native-kqueue/4.1.92.Final/netty-transport-native-kqueue-4.1.92.Final.jar:/Users/bharathshenoy/.m2/repository/io/netty/netty-transport-native-unix-common/4.1.92.Final/netty-transport-native-unix-common-4.1.92.Final.jar:/Users/bharathshenoy/.m2/repository/io/netty/netty-transport/4.1.92.Final/netty-transport-4.1.92.Final.jar:/Users/bharathshenoy/.m2/repository/io/netty/netty-resolver/4.1.92.Final/netty-resolver-4.1.92.Final.jar:/Users/bharathshenoy/.m2/repository/io/opentelemetry/opentelemetry-api/1.26.0/opentelemetry-api-1.26.0.jar:/Users/bharathshenoy/.m2/repository/io/opentelemetry/opentelemetry-context/1.26.0/opentelemetry-context-1.26.0.jar:/Users/bharathshenoy/.m2/repository/io/opentelemetry/opentelemetry-exporter-logging/1.26.0/opentelemetry-exporter-logging-1.26.0.jar:/Users/bharathshenoy/.m2/repository/io/opentelemetry/opentelemetry-sdk-metrics/1.26.0/opentelemetry-sdk-metrics-1.26.0.jar:/Users/bharathshenoy/.m2/repository/io/opentelemetry/opentelemetry-extension-incubator/1.26.0-alpha/opentelemetry-extension-incubator-1.26.0-alpha.jar:/Users/bharathshenoy/.m2/repository/io/opentelemetry/opentelemetry-sdk-logs/1.26.0-alpha/opentelemetry-sdk-logs-1.26.0-alpha.jar:/Users/bharathshenoy/.m2/repository/io/opentelemetry/opentelemetry-api-logs/1.26.0-alpha/opentelemetry-api-logs-1.26.0-alpha.jar:/Users/bharathshenoy/.m2/repository/io/opentelemetry/opentelemetry-api-events/1.26.0-alpha/opentelemetry-api-events-1.26.0-alpha.jar:/Users/bharathshenoy/.m2/repository/io/opentelemetry/opentelemetry-sdk-common/1.26.0/opentelemetry-sdk-common-1.26.0.jar:/Users/bharathshenoy/.m2/repository/io/opentelemetry/opentelemetry-sdk-extension-autoconfigure-spi/1.26.0/opentelemetry-sdk-extension-autoconfigure-spi-1.26.0.jar:/Users/bharathshenoy/.m2/repository/io/opentelemetry/opentelemetry-sdk-extension-autoconfigure/1.26.0-alpha/opentelemetry-sdk-extension-autoconfigure-1.26.0-alpha.jar:/Users/bharathshenoy/.m2/repository/io/opentelemetry/opentelemetry-sdk-trace/1.26.0/opentelemetry-sdk-trace-1.26.0.jar:/Users/bharathshenoy/.m2/repository/io/opentelemetry/opentelemetry-sdk/1.26.0/opentelemetry-sdk-1.26.0.jar:/Users/bharathshenoy/.m2/repository/io/opentelemetry/opentelemetry-semconv/1.26.0-alpha/opentelemetry-semconv-1.26.0-alpha.jar:/Users/bharathshenoy/.m2/repository/net/bytebuddy/byte-buddy/1.14.4/byte-buddy-1.14.4.jar:/Users/bharathshenoy/.m2/repository/org/apache/commons/commons-exec/1.3/commons-exec-1.3.jar:/Users/bharathshenoy/.m2/repository/org/asynchttpclient/async-http-client/2.12.3/async-http-client-2.12.3.jar:/Users/bharathshenoy/.m2/repository/org/asynchttpclient/async-http-client-netty-utils/2.12.3/async-http-client-netty-utils-2.12.3.jar:/Users/bharathshenoy/.m2/repository/io/netty/netty-codec-socks/4.1.60.Final/netty-codec-socks-4.1.60.Final.jar:/Users/bharathshenoy/.m2/repository/io/netty/netty-handler-proxy/4.1.60.Final/netty-handler-proxy-4.1.60.Final.jar:/Users/bharathshenoy/.m2/repository/io/netty/netty-transport-native-epoll/4.1.60.Final/netty-transport-native-epoll-4.1.60.Final-linux-x86_64.jar:/Users/bharathshenoy/.m2/repository/io/netty/netty-transport-native-kqueue/4.1.60.Final/netty-transport-native-kqueue-4.1.60.Final-osx-x86_64.jar:/Users/bharathshenoy/.m2/repository/org/reactivestreams/reactive-streams/1.0.3/reactive-streams-1.0.3.jar:/Users/bharathshenoy/.m2/repository/com/typesafe/netty/netty-reactive-streams/2.0.4/netty-reactive-streams-2.0.4.jar:/Users/bharathshenoy/.m2/repository/com/sun/activation/jakarta.activation/1.2.2/jakarta.activation-1.2.2.jar:/Users/bharathshenoy/.m2/repository/org/seleniumhq/selenium/selenium-firefox-driver/4.10.0/selenium-firefox-driver-4.10.0.jar:/Users/bharathshenoy/.m2/repository/org/seleniumhq/selenium/selenium-devtools-v85/4.10.0/selenium-devtools-v85-4.10.0.jar:/Users/bharathshenoy/.m2/repository/org/seleniumhq/selenium/selenium-http/4.10.0/selenium-http-4.10.0.jar:/Users/bharathshenoy/.m2/repository/dev/failsafe/failsafe/3.3.1/failsafe-3.3.1.jar:/Users/bharathshenoy/.m2/repository/org/seleniumhq/selenium/selenium-safari-driver/4.10.0/selenium-safari-driver-4.10.0.jar:/Users/bharathshenoy/.m2/repository/org/testng/testng/7.7.1/testng-7.7.1.jar:/Users/bharathshenoy/.m2/repository/org/slf4j/slf4j-api/1.7.36/slf4j-api-1.7.36.jar:/Users/bharathshenoy/.m2/repository/com/beust/jcommander/1.82/jcommander-1.82.jar:/Users/bharathshenoy/.m2/repository/org/webjars/jquery/3.6.1/jquery-3.6.1.jar:/Users/bharathshenoy/.m2/repository/org/seleniumhq/selenium/selenium-java/4.8.1/selenium-java-4.8.1.jar:/Users/bharathshenoy/.m2/repository/org/seleniumhq/selenium/selenium-devtools-v108/4.8.1/selenium-devtools-v108-4.8.1.jar:/Users/bharathshenoy/.m2/repository/org/seleniumhq/selenium/selenium-devtools-v109/4.8.1/selenium-devtools-v109-4.8.1.jar:/Users/bharathshenoy/.m2/repository/org/seleniumhq/selenium/selenium-devtools-v110/4.8.1/selenium-devtools-v110-4.8.1.jar:/Users/bharathshenoy/.m2/repository/org/seleniumhq/selenium/selenium-edge-driver/4.8.1/selenium-edge-driver-4.8.1.jar:/Users/bharathshenoy/.m2/repository/org/seleniumhq/selenium/selenium-ie-driver/4.8.1/selenium-ie-driver-4.8.1.jar:/Users/bharathshenoy/.m2/repository/org/seleniumhq/selenium/selenium-support/4.8.1/selenium-support-4.8.1.jar:/Users/bharathshenoy/.m2/repository/log4j/log4j/1.2.17/log4j-1.2.17.jar:/Users/bharathshenoy/.m2/repository/io/github/bonigarcia/webdrivermanager/5.3.2/webdrivermanager-5.3.2.jar:/Users/bharathshenoy/.m2/repository/com/google/code/gson/gson/2.10.1/gson-2.10.1.jar:/Users/bharathshenoy/.m2/repository/com/github/docker-java/docker-java/3.2.14/docker-java-3.2.14.jar:/Users/bharathshenoy/.m2/repository/com/github/docker-java/docker-java-core/3.2.14/docker-java-core-3.2.14.jar:/Users/bharathshenoy/.m2/repository/com/github/docker-java/docker-java-api/3.2.14/docker-java-api-3.2.14.jar:/Users/bharathshenoy/.m2/repository/org/apache/commons/commons-compress/1.21/commons-compress-1.21.jar:/Users/bharathshenoy/.m2/repository/org/slf4j/jcl-over-slf4j/1.7.30/jcl-over-slf4j-1.7.30.jar:/Users/bharathshenoy/.m2/repository/com/github/docker-java/docker-java-transport-httpclient5/3.2.14/docker-java-transport-httpclient5-3.2.14.jar:/Users/bharathshenoy/.m2/repository/com/github/docker-java/docker-java-transport/3.2.14/docker-java-transport-3.2.14.jar:/Users/bharathshenoy/.m2/repository/net/java/dev/jna/jna/5.12.1/jna-5.12.1.jar:/Users/bharathshenoy/.m2/repository/org/brotli/dec/0.1.2/dec-0.1.2.jar:/Users/bharathshenoy/.m2/repository/org/apache/commons/commons-lang3/3.12.0/commons-lang3-3.12.0.jar:/Users/bharathshenoy/.m2/repository/org/apache/httpcomponents/client5/httpclient5/5.2.1/httpclient5-5.2.1.jar:/Users/bharathshenoy/.m2/repository/org/apache/httpcomponents/core5/httpcore5/5.2/httpcore5-5.2.jar:/Users/bharathshenoy/.m2/repository/org/apache/httpcomponents/core5/httpcore5-h2/5.2/httpcore5-h2-5.2.jar:/Users/bharathshenoy/.m2/repository/io/cucumber/cucumber-java/7.11.1/cucumber-java-7.11.1.jar:/Users/bharathshenoy/.m2/repository/io/cucumber/cucumber-core/7.11.1/cucumber-core-7.11.1.jar:/Users/bharathshenoy/.m2/repository/io/cucumber/cucumber-gherkin/7.11.1/cucumber-gherkin-7.11.1.jar:/Users/bharathshenoy/.m2/repository/io/cucumber/cucumber-gherkin-messages/7.11.1/cucumber-gherkin-messages-7.11.1.jar:/Users/bharathshenoy/.m2/repository/io/cucumber/gherkin/26.0.3/gherkin-26.0.3.jar:/Users/bharathshenoy/.m2/repository/io/cucumber/messages/21.0.1/messages-21.0.1.jar:/Users/bharathshenoy/.m2/repository/io/cucumber/tag-expressions/5.0.1/tag-expressions-5.0.1.jar:/Users/bharathshenoy/.m2/repository/io/cucumber/cucumber-expressions/16.1.2/cucumber-expressions-16.1.2.jar:/Users/bharathshenoy/.m2/repository/io/cucumber/datatable/7.11.1/datatable-7.11.1.jar:/Users/bharathshenoy/.m2/repository/io/cucumber/cucumber-plugin/7.11.1/cucumber-plugin-7.11.1.jar:/Users/bharathshenoy/.m2/repository/io/cucumber/docstring/7.11.1/docstring-7.11.1.jar:/Users/bharathshenoy/.m2/repository/io/cucumber/html-formatter/20.2.1/html-formatter-20.2.1.jar:/Users/bharathshenoy/.m2/repository/io/cucumber/junit-xml-formatter/0.1.0/junit-xml-formatter-0.1.0.jar:/Users/bharathshenoy/.m2/repository/io/cucumber/ci-environment/9.1.0/ci-environment-9.1.0.jar:/Users/bharathshenoy/.m2/repository/org/apiguardian/apiguardian-api/1.1.2/apiguardian-api-1.1.2.jar:/Users/bharathshenoy/.m2/repository/io/cucumber/cucumber-junit/7.11.1/cucumber-junit-7.11.1.jar:/Users/bharathshenoy/.m2/repository/junit/junit/4.13.2/junit-4.13.2.jar:/Users/bharathshenoy/.m2/repository/org/hamcrest/hamcrest-core/1.3/hamcrest-core-1.3.jar:/Users/bharathshenoy/.m2/repository/io/cucumber/cucumber-testng/7.11.1/cucumber-testng-7.11.1.jar:/Users/bharathshenoy/.m2/repository/io/cucumber/cucumber-picocontainer/7.11.1/cucumber-picocontainer-7.11.1.jar:/Users/bharathshenoy/.m2/repository/org/picocontainer/picocontainer/2.15/picocontainer-2.15.jar:/Users/bharathshenoy/.m2/repository/com/browserstack/browserstack-java-sdk/1.5.2/browserstack-java-sdk-1.5.2.jar:/Users/bharathshenoy/.m2/repository/org/javassist/javassist/3.26.0-GA/javassist-3.26.0-GA.jar:/Users/bharathshenoy/.m2/repository/com/fasterxml/jackson/core/jackson-core/2.14.2/jackson-core-2.14.2.jar:/Users/bharathshenoy/.m2/repository/com/fasterxml/jackson/core/jackson-databind/2.14.2/jackson-databind-2.14.2.jar:/Users/bharathshenoy/.m2/repository/com/fasterxml/jackson/core/jackson-annotations/2.14.2/jackson-annotations-2.14.2.jar:/Users/bharathshenoy/.m2/repository/com/browserstack/browserstack-local-java/1.0.6/browserstack-local-java-1.0.6.jar:/Users/bharathshenoy/.m2/repository/commons-io/commons-io/1.3.2/commons-io-1.3.2.jar:/Users/bharathshenoy/.m2/repository/org/json/json/20160212/json-20160212.jar:/Users/bharathshenoy/.m2/repository/com/googlecode/json-simple/json-simple/1.1.1/json-simple-1.1.1.jar:/Users/bharathshenoy/.m2/repository/org/yaml/snakeyaml/2.0/snakeyaml-2.0.jar:/Users/bharathshenoy/.m2/repository/org/apache/maven/maven-artifact/3.8.6/maven-artifact-3.8.6.jar:/Users/bharathshenoy/.m2/repository/org/codehaus/plexus/plexus-utils/3.3.1/plexus-utils-3.3.1.jar:/Users/bharathshenoy/.m2/repository/com/squareup/okhttp3/okhttp/3.14.9/okhttp-3.14.9.jar:/Users/bharathshenoy/.m2/repository/com/squareup/okio/okio/1.17.2/okio-1.17.2.jar:/Users/bharathshenoy/.m2/repository/org/jsoup/jsoup/1.15.3/jsoup-1.15.3.jar:/Users/bharathshenoy/.m2/repository/org/eclipse/jgit/org.eclipse.jgit/5.4.2.201908231537-r/org.eclipse.jgit-5.4.2.201908231537-r.jar:/Users/bharathshenoy/.m2/repository/com/jcraft/jsch/0.1.55/jsch-0.1.55.jar:/Users/bharathshenoy/.m2/repository/com/jcraft/jzlib/1.1.1/jzlib-1.1.1.jar:/Users/bharathshenoy/.m2/repository/com/googlecode/javaewah/JavaEWAH/1.1.6/JavaEWAH-1.1.6.jar:/Users/bharathshenoy/.m2/repository/org/bouncycastle/bcpg-jdk15on/1.61/bcpg-jdk15on-1.61.jar:/Users/bharathshenoy/.m2/repository/org/bouncycastle/bcprov-jdk15on/1.61/bcprov-jdk15on-1.61.jar:/Users/bharathshenoy/.m2/repository/org/bouncycastle/bcpkix-jdk15on/1.61/bcpkix-jdk15on-1.61.jar:/Users/bharathshenoy/.m2/repository/org/apache/logging/log4j/log4j-core/2.20.0/log4j-core-2.20.0.jar:/Users/bharathshenoy/.m2/repository/org/apache/logging/log4j/log4j-api/2.20.0/log4j-api-2.20.0.jar:"/>
    <property name="java.vm.vendor" value="Oracle Corporation"/>
    <property name="sun.arch.data.model" value="64"/>
    <property name="java.vendor.url" value="https://java.oracle.com/"/>
    <property name="user.timezone" value="Asia/Kolkata"/>
    <property name="os.name" value="Mac OS X"/>
    <property name="java.vm.specification.version" value="20"/>
    <property name="sun.java.launcher" value="SUN_STANDARD"/>
    <property name="user.country" value="GB"/>
    <property name="sun.boot.library.path" value="/Library/Java/JavaVirtualMachines/jdk-20.jdk/Contents/Home/lib"/>
    <property name="sun.java.command" value="/Users/bharathshenoy/hrone-cucumber/target/surefire/surefirebooter4843643607936054513.jar /Users/bharathshenoy/hrone-cucumber/target/surefire 2023-08-05T14-05-19_154-jvmRun1 surefire9336659771064394332tmp surefire_015995922473943981073tmp"/>
    <property name="jdk.debug" value="release"/>
    <property name="surefire.test.class.path" value="/Users/bharathshenoy/hrone-cucumber/target/test-classes:/Users/bharathshenoy/hrone-cucumber/target/classes:/Users/bharathshenoy/.m2/repository/org/seleniumhq/selenium/selenium-chrome-driver/4.10.0/selenium-chrome-driver-4.10.0.jar:/Users/bharathshenoy/.m2/repository/com/google/auto/service/auto-service-annotations/1.0.1/auto-service-annotations-1.0.1.jar:/Users/bharathshenoy/.m2/repository/com/google/auto/service/auto-service/1.0.1/auto-service-1.0.1.jar:/Users/bharathshenoy/.m2/repository/com/google/auto/auto-common/1.2/auto-common-1.2.jar:/Users/bharathshenoy/.m2/repository/com/google/guava/guava/31.1-jre/guava-31.1-jre.jar:/Users/bharathshenoy/.m2/repository/com/google/guava/failureaccess/1.0.1/failureaccess-1.0.1.jar:/Users/bharathshenoy/.m2/repository/com/google/guava/listenablefuture/9999.0-empty-to-avoid-conflict-with-guava/listenablefuture-9999.0-empty-to-avoid-conflict-with-guava.jar:/Users/bharathshenoy/.m2/repository/com/google/code/findbugs/jsr305/3.0.2/jsr305-3.0.2.jar:/Users/bharathshenoy/.m2/repository/org/checkerframework/checker-qual/3.12.0/checker-qual-3.12.0.jar:/Users/bharathshenoy/.m2/repository/com/google/errorprone/error_prone_annotations/2.11.0/error_prone_annotations-2.11.0.jar:/Users/bharathshenoy/.m2/repository/com/google/j2objc/j2objc-annotations/1.3/j2objc-annotations-1.3.jar:/Users/bharathshenoy/.m2/repository/org/seleniumhq/selenium/selenium-api/4.10.0/selenium-api-4.10.0.jar:/Users/bharathshenoy/.m2/repository/org/seleniumhq/selenium/selenium-chromium-driver/4.10.0/selenium-chromium-driver-4.10.0.jar:/Users/bharathshenoy/.m2/repository/org/seleniumhq/selenium/selenium-json/4.10.0/selenium-json-4.10.0.jar:/Users/bharathshenoy/.m2/repository/org/seleniumhq/selenium/selenium-manager/4.10.0/selenium-manager-4.10.0.jar:/Users/bharathshenoy/.m2/repository/org/seleniumhq/selenium/selenium-remote-driver/4.10.0/selenium-remote-driver-4.10.0.jar:/Users/bharathshenoy/.m2/repository/io/netty/netty-buffer/4.1.92.Final/netty-buffer-4.1.92.Final.jar:/Users/bharathshenoy/.m2/repository/io/netty/netty-codec-http/4.1.92.Final/netty-codec-http-4.1.92.Final.jar:/Users/bharathshenoy/.m2/repository/io/netty/netty-codec/4.1.92.Final/netty-codec-4.1.92.Final.jar:/Users/bharathshenoy/.m2/repository/io/netty/netty-handler/4.1.92.Final/netty-handler-4.1.92.Final.jar:/Users/bharathshenoy/.m2/repository/io/netty/netty-common/4.1.92.Final/netty-common-4.1.92.Final.jar:/Users/bharathshenoy/.m2/repository/io/netty/netty-transport-classes-epoll/4.1.92.Final/netty-transport-classes-epoll-4.1.92.Final.jar:/Users/bharathshenoy/.m2/repository/io/netty/netty-transport-classes-kqueue/4.1.92.Final/netty-transport-classes-kqueue-4.1.92.Final.jar:/Users/bharathshenoy/.m2/repository/io/netty/netty-transport-native-epoll/4.1.92.Final/netty-transport-native-epoll-4.1.92.Final.jar:/Users/bharathshenoy/.m2/repository/io/netty/netty-transport-native-kqueue/4.1.92.Final/netty-transport-native-kqueue-4.1.92.Final.jar:/Users/bharathshenoy/.m2/repository/io/netty/netty-transport-native-unix-common/4.1.92.Final/netty-transport-native-unix-common-4.1.92.Final.jar:/Users/bharathshenoy/.m2/repository/io/netty/netty-transport/4.1.92.Final/netty-transport-4.1.92.Final.jar:/Users/bharathshenoy/.m2/repository/io/netty/netty-resolver/4.1.92.Final/netty-resolver-4.1.92.Final.jar:/Users/bharathshenoy/.m2/repository/io/opentelemetry/opentelemetry-api/1.26.0/opentelemetry-api-1.26.0.jar:/Users/bharathshenoy/.m2/repository/io/opentelemetry/opentelemetry-context/1.26.0/opentelemetry-context-1.26.0.jar:/Users/bharathshenoy/.m2/repository/io/opentelemetry/opentelemetry-exporter-logging/1.26.0/opentelemetry-exporter-logging-1.26.0.jar:/Users/bharathshenoy/.m2/repository/io/opentelemetry/opentelemetry-sdk-metrics/1.26.0/opentelemetry-sdk-metrics-1.26.0.jar:/Users/bharathshenoy/.m2/repository/io/opentelemetry/opentelemetry-extension-incubator/1.26.0-alpha/opentelemetry-extension-incubator-1.26.0-alpha.jar:/Users/bharathshenoy/.m2/repository/io/opentelemetry/opentelemetry-sdk-logs/1.26.0-alpha/opentelemetry-sdk-logs-1.26.0-alpha.jar:/Users/bharathshenoy/.m2/repository/io/opentelemetry/opentelemetry-api-logs/1.26.0-alpha/opentelemetry-api-logs-1.26.0-alpha.jar:/Users/bharathshenoy/.m2/repository/io/opentelemetry/opentelemetry-api-events/1.26.0-alpha/opentelemetry-api-events-1.26.0-alpha.jar:/Users/bharathshenoy/.m2/repository/io/opentelemetry/opentelemetry-sdk-common/1.26.0/opentelemetry-sdk-common-1.26.0.jar:/Users/bharathshenoy/.m2/repository/io/opentelemetry/opentelemetry-sdk-extension-autoconfigure-spi/1.26.0/opentelemetry-sdk-extension-autoconfigure-spi-1.26.0.jar:/Users/bharathshenoy/.m2/repository/io/opentelemetry/opentelemetry-sdk-extension-autoconfigure/1.26.0-alpha/opentelemetry-sdk-extension-autoconfigure-1.26.0-alpha.jar:/Users/bharathshenoy/.m2/repository/io/opentelemetry/opentelemetry-sdk-trace/1.26.0/opentelemetry-sdk-trace-1.26.0.jar:/Users/bharathshenoy/.m2/repository/io/opentelemetry/opentelemetry-sdk/1.26.0/opentelemetry-sdk-1.26.0.jar:/Users/bharathshenoy/.m2/repository/io/opentelemetry/opentelemetry-semconv/1.26.0-alpha/opentelemetry-semconv-1.26.0-alpha.jar:/Users/bharathshenoy/.m2/repository/net/bytebuddy/byte-buddy/1.14.4/byte-buddy-1.14.4.jar:/Users/bharathshenoy/.m2/repository/org/apache/commons/commons-exec/1.3/commons-exec-1.3.jar:/Users/bharathshenoy/.m2/repository/org/asynchttpclient/async-http-client/2.12.3/async-http-client-2.12.3.jar:/Users/bharathshenoy/.m2/repository/org/asynchttpclient/async-http-client-netty-utils/2.12.3/async-http-client-netty-utils-2.12.3.jar:/Users/bharathshenoy/.m2/repository/io/netty/netty-codec-socks/4.1.60.Final/netty-codec-socks-4.1.60.Final.jar:/Users/bharathshenoy/.m2/repository/io/netty/netty-handler-proxy/4.1.60.Final/netty-handler-proxy-4.1.60.Final.jar:/Users/bharathshenoy/.m2/repository/io/netty/netty-transport-native-epoll/4.1.60.Final/netty-transport-native-epoll-4.1.60.Final-linux-x86_64.jar:/Users/bharathshenoy/.m2/repository/io/netty/netty-transport-native-kqueue/4.1.60.Final/netty-transport-native-kqueue-4.1.60.Final-osx-x86_64.jar:/Users/bharathshenoy/.m2/repository/org/reactivestreams/reactive-streams/1.0.3/reactive-streams-1.0.3.jar:/Users/bharathshenoy/.m2/repository/com/typesafe/netty/netty-reactive-streams/2.0.4/netty-reactive-streams-2.0.4.jar:/Users/bharathshenoy/.m2/repository/com/sun/activation/jakarta.activation/1.2.2/jakarta.activation-1.2.2.jar:/Users/bharathshenoy/.m2/repository/org/seleniumhq/selenium/selenium-firefox-driver/4.10.0/selenium-firefox-driver-4.10.0.jar:/Users/bharathshenoy/.m2/repository/org/seleniumhq/selenium/selenium-devtools-v85/4.10.0/selenium-devtools-v85-4.10.0.jar:/Users/bharathshenoy/.m2/repository/org/seleniumhq/selenium/selenium-http/4.10.0/selenium-http-4.10.0.jar:/Users/bharathshenoy/.m2/repository/dev/failsafe/failsafe/3.3.1/failsafe-3.3.1.jar:/Users/bharathshenoy/.m2/repository/org/seleniumhq/selenium/selenium-safari-driver/4.10.0/selenium-safari-driver-4.10.0.jar:/Users/bharathshenoy/.m2/repository/org/testng/testng/7.7.1/testng-7.7.1.jar:/Users/bharathshenoy/.m2/repository/org/slf4j/slf4j-api/1.7.36/slf4j-api-1.7.36.jar:/Users/bharathshenoy/.m2/repository/com/beust/jcommander/1.82/jcommander-1.82.jar:/Users/bharathshenoy/.m2/repository/org/webjars/jquery/3.6.1/jquery-3.6.1.jar:/Users/bharathshenoy/.m2/repository/org/seleniumhq/selenium/selenium-java/4.8.1/selenium-java-4.8.1.jar:/Users/bharathshenoy/.m2/repository/org/seleniumhq/selenium/selenium-devtools-v108/4.8.1/selenium-devtools-v108-4.8.1.jar:/Users/bharathshenoy/.m2/repository/org/seleniumhq/selenium/selenium-devtools-v109/4.8.1/selenium-devtools-v109-4.8.1.jar:/Users/bharathshenoy/.m2/repository/org/seleniumhq/selenium/selenium-devtools-v110/4.8.1/selenium-devtools-v110-4.8.1.jar:/Users/bharathshenoy/.m2/repository/org/seleniumhq/selenium/selenium-edge-driver/4.8.1/selenium-edge-driver-4.8.1.jar:/Users/bharathshenoy/.m2/repository/org/seleniumhq/selenium/selenium-ie-driver/4.8.1/selenium-ie-driver-4.8.1.jar:/Users/bharathshenoy/.m2/repository/org/seleniumhq/selenium/selenium-support/4.8.1/selenium-support-4.8.1.jar:/Users/bharathshenoy/.m2/repository/log4j/log4j/1.2.17/log4j-1.2.17.jar:/Users/bharathshenoy/.m2/repository/io/github/bonigarcia/webdrivermanager/5.3.2/webdrivermanager-5.3.2.jar:/Users/bharathshenoy/.m2/repository/com/google/code/gson/gson/2.10.1/gson-2.10.1.jar:/Users/bharathshenoy/.m2/repository/com/github/docker-java/docker-java/3.2.14/docker-java-3.2.14.jar:/Users/bharathshenoy/.m2/repository/com/github/docker-java/docker-java-core/3.2.14/docker-java-core-3.2.14.jar:/Users/bharathshenoy/.m2/repository/com/github/docker-java/docker-java-api/3.2.14/docker-java-api-3.2.14.jar:/Users/bharathshenoy/.m2/repository/org/apache/commons/commons-compress/1.21/commons-compress-1.21.jar:/Users/bharathshenoy/.m2/repository/org/slf4j/jcl-over-slf4j/1.7.30/jcl-over-slf4j-1.7.30.jar:/Users/bharathshenoy/.m2/repository/com/github/docker-java/docker-java-transport-httpclient5/3.2.14/docker-java-transport-httpclient5-3.2.14.jar:/Users/bharathshenoy/.m2/repository/com/github/docker-java/docker-java-transport/3.2.14/docker-java-transport-3.2.14.jar:/Users/bharathshenoy/.m2/repository/net/java/dev/jna/jna/5.12.1/jna-5.12.1.jar:/Users/bharathshenoy/.m2/repository/org/brotli/dec/0.1.2/dec-0.1.2.jar:/Users/bharathshenoy/.m2/repository/org/apache/commons/commons-lang3/3.12.0/commons-lang3-3.12.0.jar:/Users/bharathshenoy/.m2/repository/org/apache/httpcomponents/client5/httpclient5/5.2.1/httpclient5-5.2.1.jar:/Users/bharathshenoy/.m2/repository/org/apache/httpcomponents/core5/httpcore5/5.2/httpcore5-5.2.jar:/Users/bharathshenoy/.m2/repository/org/apache/httpcomponents/core5/httpcore5-h2/5.2/httpcore5-h2-5.2.jar:/Users/bharathshenoy/.m2/repository/io/cucumber/cucumber-java/7.11.1/cucumber-java-7.11.1.jar:/Users/bharathshenoy/.m2/repository/io/cucumber/cucumber-core/7.11.1/cucumber-core-7.11.1.jar:/Users/bharathshenoy/.m2/repository/io/cucumber/cucumber-gherkin/7.11.1/cucumber-gherkin-7.11.1.jar:/Users/bharathshenoy/.m2/repository/io/cucumber/cucumber-gherkin-messages/7.11.1/cucumber-gherkin-messages-7.11.1.jar:/Users/bharathshenoy/.m2/repository/io/cucumber/gherkin/26.0.3/gherkin-26.0.3.jar:/Users/bharathshenoy/.m2/repository/io/cucumber/messages/21.0.1/messages-21.0.1.jar:/Users/bharathshenoy/.m2/repository/io/cucumber/tag-expressions/5.0.1/tag-expressions-5.0.1.jar:/Users/bharathshenoy/.m2/repository/io/cucumber/cucumber-expressions/16.1.2/cucumber-expressions-16.1.2.jar:/Users/bharathshenoy/.m2/repository/io/cucumber/datatable/7.11.1/datatable-7.11.1.jar:/Users/bharathshenoy/.m2/repository/io/cucumber/cucumber-plugin/7.11.1/cucumber-plugin-7.11.1.jar:/Users/bharathshenoy/.m2/repository/io/cucumber/docstring/7.11.1/docstring-7.11.1.jar:/Users/bharathshenoy/.m2/repository/io/cucumber/html-formatter/20.2.1/html-formatter-20.2.1.jar:/Users/bharathshenoy/.m2/repository/io/cucumber/junit-xml-formatter/0.1.0/junit-xml-formatter-0.1.0.jar:/Users/bharathshenoy/.m2/repository/io/cucumber/ci-environment/9.1.0/ci-environment-9.1.0.jar:/Users/bharathshenoy/.m2/repository/org/apiguardian/apiguardian-api/1.1.2/apiguardian-api-1.1.2.jar:/Users/bharathshenoy/.m2/repository/io/cucumber/cucumber-junit/7.11.1/cucumber-junit-7.11.1.jar:/Users/bharathshenoy/.m2/repository/junit/junit/4.13.2/junit-4.13.2.jar:/Users/bharathshenoy/.m2/repository/org/hamcrest/hamcrest-core/1.3/hamcrest-core-1.3.jar:/Users/bharathshenoy/.m2/repository/io/cucumber/cucumber-testng/7.11.1/cucumber-testng-7.11.1.jar:/Users/bharathshenoy/.m2/repository/io/cucumber/cucumber-picocontainer/7.11.1/cucumber-picocontainer-7.11.1.jar:/Users/bharathshenoy/.m2/repository/org/picocontainer/picocontainer/2.15/picocontainer-2.15.jar:/Users/bharathshenoy/.m2/repository/com/browserstack/browserstack-java-sdk/1.5.2/browserstack-java-sdk-1.5.2.jar:/Users/bharathshenoy/.m2/repository/org/javassist/javassist/3.26.0-GA/javassist-3.26.0-GA.jar:/Users/bharathshenoy/.m2/repository/com/fasterxml/jackson/core/jackson-core/2.14.2/jackson-core-2.14.2.jar:/Users/bharathshenoy/.m2/repository/com/fasterxml/jackson/core/jackson-databind/2.14.2/jackson-databind-2.14.2.jar:/Users/bharathshenoy/.m2/repository/com/fasterxml/jackson/core/jackson-annotations/2.14.2/jackson-annotations-2.14.2.jar:/Users/bharathshenoy/.m2/repository/com/browserstack/browserstack-local-java/1.0.6/browserstack-local-java-1.0.6.jar:/Users/bharathshenoy/.m2/repository/commons-io/commons-io/1.3.2/commons-io-1.3.2.jar:/Users/bharathshenoy/.m2/repository/org/json/json/20160212/json-20160212.jar:/Users/bharathshenoy/.m2/repository/com/googlecode/json-simple/json-simple/1.1.1/json-simple-1.1.1.jar:/Users/bharathshenoy/.m2/repository/org/yaml/snakeyaml/2.0/snakeyaml-2.0.jar:/Users/bharathshenoy/.m2/repository/org/apache/maven/maven-artifact/3.8.6/maven-artifact-3.8.6.jar:/Users/bharathshenoy/.m2/repository/org/codehaus/plexus/plexus-utils/3.3.1/plexus-utils-3.3.1.jar:/Users/bharathshenoy/.m2/repository/com/squareup/okhttp3/okhttp/3.14.9/okhttp-3.14.9.jar:/Users/bharathshenoy/.m2/repository/com/squareup/okio/okio/1.17.2/okio-1.17.2.jar:/Users/bharathshenoy/.m2/repository/org/jsoup/jsoup/1.15.3/jsoup-1.15.3.jar:/Users/bharathshenoy/.m2/repository/org/eclipse/jgit/org.eclipse.jgit/5.4.2.201908231537-r/org.eclipse.jgit-5.4.2.201908231537-r.jar:/Users/bharathshenoy/.m2/repository/com/jcraft/jsch/0.1.55/jsch-0.1.55.jar:/Users/bharathshenoy/.m2/repository/com/jcraft/jzlib/1.1.1/jzlib-1.1.1.jar:/Users/bharathshenoy/.m2/repository/com/googlecode/javaewah/JavaEWAH/1.1.6/JavaEWAH-1.1.6.jar:/Users/bharathshenoy/.m2/repository/org/bouncycastle/bcpg-jdk15on/1.61/bcpg-jdk15on-1.61.jar:/Users/bharathshenoy/.m2/repository/org/bouncycastle/bcprov-jdk15on/1.61/bcprov-jdk15on-1.61.jar:/Users/bharathshenoy/.m2/repository/org/bouncycastle/bcpkix-jdk15on/1.61/bcpkix-jdk15on-1.61.jar:/Users/bharathshenoy/.m2/repository/org/apache/logging/log4j/log4j-core/2.20.0/log4j-core-2.20.0.jar:/Users/bharathshenoy/.m2/repository/org/apache/logging/log4j/log4j-api/2.20.0/log4j-api-2.20.0.jar:"/>
    <property name="sun.cpu.endian" value="little"/>
    <property name="user.home" value="/Users/bharathshenoy"/>
    <property name="user.language" value="en"/>
    <property name="java.specification.vendor" value="Oracle Corporation"/>
    <property name="java.version.date" value="2023-04-18"/>
    <property name="java.home" value="/Library/Java/JavaVirtualMachines/jdk-20.jdk/Contents/Home"/>
    <property name="file.separator" value="/"/>
    <property name="basedir" value="/Users/bharathshenoy/hrone-cucumber"/>
    <property name="java.vm.compressedOopsMode" value="Zero based"/>
    <property name="line.separator" value="&#10;"/>
    <property name="java.vm.specification.vendor" value="Oracle Corporation"/>
    <property name="java.specification.name" value="Java Platform API Specification"/>
    <property name="apple.awt.application.name" value="ForkedBooter"/>
    <property name="surefire.real.class.path" value="/Users/bharathshenoy/hrone-cucumber/target/surefire/surefirebooter4843643607936054513.jar"/>
    <property name="sun.management.compiler" value="HotSpot 64-Bit Tiered Compilers"/>
    <property name="java.runtime.version" value="20.0.1+9-29"/>
    <property name="user.name" value="bharathshenoy"/>
    <property name="stdout.encoding" value="UTF-8"/>
    <property name="path.separator" value=":"/>
    <property name="os.version" value="12.6.8"/>
    <property name="java.runtime.name" value="Java(TM) SE Runtime Environment"/>
    <property name="file.encoding" value="UTF-8"/>
    <property name="java.vm.name" value="Java HotSpot(TM) 64-Bit Server VM"/>
    <property name="localRepository" value="/Users/bharathshenoy/.m2/repository"/>
    <property name="java.vendor.url.bug" value="https://bugreport.java.com/bugreport/"/>
    <property name="java.io.tmpdir" value="/var/folders/z0/4tbh4gr536vd6jjdhz06f19m0000gp/T/"/>
    <property name="java.version" value="20.0.1"/>
    <property name="cucumber.filter.tags" value="@smoke"/>
    <property name="user.dir" value="/Users/bharathshenoy/hrone-cucumber"/>
    <property name="os.arch" value="x86_64"/>
    <property name="java.vm.specification.name" value="Java Virtual Machine Specification"/>
    <property name="native.encoding" value="UTF-8"/>
    <property name="java.library.path" value="/Users/bharathshenoy/Library/Java/Extensions:/Library/Java/Extensions:/Network/Library/Java/Extensions:/System/Library/Java/Extensions:/usr/lib/java:."/>
    <property name="java.vm.info" value="mixed mode, sharing"/>
    <property name="stderr.encoding" value="UTF-8"/>
    <property name="java.vendor" value="Oracle Corporation"/>
    <property name="java.vm.version" value="20.0.1+9-29"/>
    <property name="sun.io.unicode.encoding" value="UnicodeBig"/>
    <property name="java.class.version" value="64.0"/>
  </properties>
  <testcase name="runScenario[&quot;Login to HrOne&quot;, &quot;Login page&quot;](1)" classname="testRunner.hrOneTest" time="70.527">
    <failure message="Expected condition failed: waiting for number of elements found by By.id: hrone-username to be less than &quot;1&quot;. Current number: &quot;1&quot; (tried for 60 second(s) with 500 milliseconds interval)&#10;Build info: version: &apos;4.10.0&apos;, revision: &apos;c14d967899&apos;&#10;System info: os.name: &apos;Mac OS X&apos;, os.arch: &apos;x86_64&apos;, os.version: &apos;12.6.8&apos;, java.version: &apos;20.0.1&apos;&#10;Driver info: org.openqa.selenium.chrome.ChromeDriver&#10;Capabilities {acceptInsecureCerts: false, browserName: chrome, browserVersion: 115.0.5790.170, chrome: {chromedriverVersion: 114.0.5735.90 (386bc09e8f4f..., userDataDir: /var/folders/z0/4tbh4gr536v...}, goog:chromeOptions: {debuggerAddress: localhost:50732}, networkConnectionEnabled: false, pageLoadStrategy: normal, platformName: mac, proxy: Proxy(), se:cdp: ws://localhost:50732/devtoo..., se:cdpVersion: 115.0.5790.170, setWindowRect: true, strictFileInteractability: false, timeouts: {implicit: 0, pageLoad: 300000, script: 30000}, unhandledPromptBehavior: dismiss and notify, webauthn:extension:credBlob: true, webauthn:extension:largeBlob: true, webauthn:extension:minPinLength: true, webauthn:extension:prf: true, webauthn:virtualAuthenticators: true}&#10;Session ID: 2b1d82b4ca633fbce3f9cf743a384cf0" type="org.openqa.selenium.TimeoutException"><![CDATA[org.openqa.selenium.TimeoutException: 
Expected condition failed: waiting for number of elements found by By.id: hrone-username to be less than "1". Current number: "1" (tried for 60 second(s) with 500 milliseconds interval)
Build info: version: '4.10.0', revision: 'c14d967899'
System info: os.name: 'Mac OS X', os.arch: 'x86_64', os.version: '12.6.8', java.version: '20.0.1'
Driver info: org.openqa.selenium.chrome.ChromeDriver
Capabilities {acceptInsecureCerts: false, browserName: chrome, browserVersion: 115.0.5790.170, chrome: {chromedriverVersion: 114.0.5735.90 (386bc09e8f4f..., userDataDir: /var/folders/z0/4tbh4gr536v...}, goog:chromeOptions: {debuggerAddress: localhost:50732}, networkConnectionEnabled: false, pageLoadStrategy: normal, platformName: mac, proxy: Proxy(), se:cdp: ws://localhost:50732/devtoo..., se:cdpVersion: 115.0.5790.170, setWindowRect: true, strictFileInteractability: false, timeouts: {implicit: 0, pageLoad: 300000, script: 30000}, unhandledPromptBehavior: dismiss and notify, webauthn:extension:credBlob: true, webauthn:extension:largeBlob: true, webauthn:extension:minPinLength: true, webauthn:extension:prf: true, webauthn:virtualAuthenticators: true}
Session ID: 2b1d82b4ca633fbce3f9cf743a384cf0
]]></failure>
    <system-out><![CDATA[[&amp#27;[1;34mINFO&amp#27;[0;39m] [Utils] MethodGroupsHelper.collectMethodsByGroup() took 0 ms.
[&amp#27;[1;34mINFO&amp#27;[0;39m] [Utils] MethodGroupsHelper.sortMethods() took 1 ms.
[&amp#27;[1;34mINFO&amp#27;[0;39m] [Utils] MethodGroupsHelper.collectMethodsByGroup() took 0 ms.
[&amp#27;[1;34mINFO&amp#27;[0;39m] [Utils] MethodGroupsHelper.sortMethods() took 0 ms.
[&amp#27;[1;34mINFO&amp#27;[0;39m] [Utils] MethodGroupsHelper.collectMethodsByGroup() took 0 ms.
[&amp#27;[1;34mINFO&amp#27;[0;39m] [Utils] MethodGroupsHelper.sortMethods() took 0 ms.
[&amp#27;[1;34mINFO&amp#27;[0;39m] [Utils] MethodGroupsHelper.collectMethodsByGroup() took 0 ms.
[&amp#27;[1;34mINFO&amp#27;[0;39m] [Utils] MethodGroupsHelper.sortMethods() took 0 ms.
[&amp#27;[1;34mINFO&amp#27;[0;39m] [Utils] MethodGroupsHelper.collectMethodsByGroup() took 0 ms.
[&amp#27;[1;34mINFO&amp#27;[0;39m] [Utils] MethodGroupsHelper.sortMethods() took 10 ms.
[&amp#27;[1;34mINFO&amp#27;[0;39m] [Utils] MethodGroupsHelper.collectMethodsByGroup() took 0 ms.
[&amp#27;[1;34mINFO&amp#27;[0;39m] [Utils] MethodGroupsHelper.sortMethods() took 0 ms.
[&amp#27;[1;34mINFO&amp#27;[0;39m] [Utils] MethodGroupsHelper.collectMethodsByGroup() took 0 ms.
[&amp#27;[1;34mINFO&amp#27;[0;39m] [Utils] MethodGroupsHelper.sortMethods() took 0 ms.
[&amp#27;[1;34mINFO&amp#27;[0;39m] [Utils] MethodGroupsHelper.collectMethodsByGroup() took 0 ms.
[&amp#27;[1;34mINFO&amp#27;[0;39m] [Utils] MethodGroupsHelper.sortMethods() took 0 ms.
[&amp#27;[1;34mINFO&amp#27;[0;39m] [Utils] MethodGroupsHelper.collectMethodsByGroup() took 0 ms.
[&amp#27;[1;34mINFO&amp#27;[0;39m] [Utils] MethodGroupsHelper.sortMethods() took 0 ms.
[&amp#27;[1;34mINFO&amp#27;[0;39m] [Utils] MethodGroupsHelper.collectMethodsByGroup() took 0 ms.
[&amp#27;[1;34mINFO&amp#27;[0;39m] [Utils] MethodGroupsHelper.sortMethods() took 0 ms.
[&amp#27;[1;34mINFO&amp#27;[0;39m] [Utils] MethodGroupsHelper.collectMethodsByGroup() took 0 ms.
[&amp#27;[1;34mINFO&amp#27;[0;39m] [Utils] MethodGroupsHelper.sortMethods() took 0 ms.
[&amp#27;[1;34mINFO&amp#27;[0;39m] [Utils] MethodGroupsHelper.collectMethodsByGroup() took 0 ms.
[&amp#27;[1;34mINFO&amp#27;[0;39m] [Utils] MethodGroupsHelper.sortMethods() took 0 ms.
[&amp#27;[1;34mINFO&amp#27;[0;39m] [Utils] MethodGroupsHelper.collectMethodsByGroup() took 3 ms.
[&amp#27;[1;34mINFO&amp#27;[0;39m] [Utils] MethodGroupsHelper.sortMethods() took 0 ms.
[&amp#27;[1;34mINFO&amp#27;[0;39m] [Utils] MethodGroupsHelper.collectMethodsByGroup() took 0 ms.
[&amp#27;[1;34mINFO&amp#27;[0;39m] [Utils] MethodGroupsHelper.sortMethods() took 0 ms.
[&amp#27;[1;34mINFO&amp#27;[0;39m] [Utils] MethodGroupsHelper.collectMethodsByGroup() took 0 ms.
[&amp#27;[1;34mINFO&amp#27;[0;39m] [Utils] MethodGroupsHelper.sortMethods() took 0 ms.
[&amp#27;[1;34mINFO&amp#27;[0;39m] [Utils] DynamicGraphHelper.createDynamicGraph() took 4 ms.

@smoke
Scenario: Login to HrOne                                &amp#27;[90m# src/test/resources/features/login.feature:7&amp#27;[0m
  &amp#27;[32mGiven &amp#27;[0m&amp#27;[32muser enters the HrOne website url&amp#27;[0m               &amp#27;[90m# steps.LoginSteps.userEntersHrOneUrl()&amp#27;[0m
  &amp#27;[32mWhen &amp#27;[0m&amp#27;[32muser is in hrOne login page&amp#27;[0m                      &amp#27;[90m# steps.LoginSteps.userInHrOneLoginPage()&amp#27;[0m
  &amp#27;[31mAnd &amp#27;[0m&amp#27;[31muser clicks on username field and enters username&amp#27;[0m &amp#27;[90m# steps.LoginSteps.userEntersUsername()&amp#27;[0m
      &amp#27;[31morg.openqa.selenium.TimeoutException: Expected condition failed: waiting for number of elements found by By.id: hrone-username to be less than "1". Current number: "1" (tried for 60 second(s) with 500 milliseconds interval)
Build info: version: '4.10.0', revision: 'c14d967899'
System info: os.name: 'Mac OS X', os.arch: 'x86_64', os.version: '12.6.8', java.version: '20.0.1'
Driver info: org.openqa.selenium.chrome.ChromeDriver
Capabilities {acceptInsecureCerts: false, browserName: chrome, browserVersion: 115.0.5790.170, chrome: {chromedriverVersion: 114.0.5735.90 (386bc09e8f4f..., userDataDir: /var/folders/z0/4tbh4gr536v...}, goog:chromeOptions: {debuggerAddress: localhost:50732}, networkConnectionEnabled: false, pageLoadStrategy: normal, platformName: mac, proxy: Proxy(), se:cdp: ws://localhost:50732/devtoo..., se:cdpVersion: 115.0.5790.170, setWindowRect: true, strictFileInteractability: false, timeouts: {implicit: 0, pageLoad: 300000, script: 30000}, unhandledPromptBehavior: dismiss and notify, webauthn:extension:credBlob: true, webauthn:extension:largeBlob: true, webauthn:extension:minPinLength: true, webauthn:extension:prf: true, webauthn:virtualAuthenticators: true}
Session ID: 2b1d82b4ca633fbce3f9cf743a384cf0
	at org.openqa.selenium.support.ui.WebDriverWait.timeoutException(WebDriverWait.java:87)
	at org.openqa.selenium.support.ui.FluentWait.until(FluentWait.java:231)
	at com.hrOne.pages.LoginPage.enterUsername(LoginPage.java:44)
	at steps.LoginSteps.userEntersUsername(LoginSteps.java:42)
	at ✽.user clicks on username field and enters username(file:///Users/bharathshenoy/hrone-cucumber/src/test/resources/features/login.feature:9)
&amp#27;[0m
  &amp#27;[36mAnd &amp#27;[0m&amp#27;[36muser clicks on Next button&amp#27;[0m                        &amp#27;[90m# steps.LoginSteps.userClicksOnNext()&amp#27;[0m
  &amp#27;[36mAnd &amp#27;[0m&amp#27;[36muser clicks on password field and enters password&amp#27;[0m &amp#27;[90m# steps.LoginSteps.userEntersPassword()&amp#27;[0m
  &amp#27;[36mAnd &amp#27;[0m&amp#27;[36muser clicks on Login button&amp#27;[0m                       &amp#27;[90m# steps.LoginSteps.userClicksOnLoginButton()&amp#27;[0m
  &amp#27;[36mThen &amp#27;[0m&amp#27;[36muser will be taken to HrOne one home page&amp#27;[0m        &amp#27;[90m# steps.LoginSteps.userOnHronePage()&amp#27;[0m
]]></system-out>
    <system-err><![CDATA[Aug 05, 2023 2:05:20 PM org.openqa.selenium.remote.service.DriverService$Builder getLogOutput
INFO: Driver logs no longer sent to console by default; https://www.selenium.dev/documentation/webdriver/drivers/service/#setting-log-output
Aug 05, 2023 2:05:23 PM org.openqa.selenium.devtools.CdpVersionFinder findNearestMatch
WARNING: Unable to find CDP implementation matching 115
Aug 05, 2023 2:05:23 PM org.openqa.selenium.chromium.ChromiumDriver lambda$new$4
WARNING: Unable to find version of CDP to use for . You may need to include a dependency on a specific version of the CDP using something similar to `org.seleniumhq.selenium:selenium-devtools-v86:4.10.0` where the version ("v86") matches the version of the chromium-based browser you're using and the version number of the artifact is the same as Selenium's.
]]></system-err>
  </testcase>
</testsuite>