<?xml version="1.0" encoding="UTF-8"?>
<!-- Generated by org.testng.reporters.JUnitReportReporter -->
<testsuite hostname="BharathS-MBP.local" failures="0" tests="1" name="testRunner.hrOneTest" time="8.171" errors="0" timestamp="2023-08-05T13:40:08 IST" skipped="0">
  <testcase classname="testRunner.hrOneTest" name="runScenario" time="8.171"/>
  <system-out/>
</testsuite> <!-- testRunner.hrOneTest -->
