<?xml version="1.0" encoding="UTF-8"?>
<!-- Generated by org.testng.reporters.JUnitReportReporter -->
<testsuite hostname="BharathShenoy-MBP.local" failures="0" tests="1" name="testRunner.hrOneTest" time="98.905" errors="0" timestamp="2023-03-05T22:58:31 IST" skipped="0">
  <testcase classname="testRunner.hrOneTest" name="runScenario" time="98.905"/>
  <system-out/>
</testsuite> <!-- testRunner.hrOneTest -->
